PRT2
1143
258
893
4 0 90 (1427.6425531914892 4.725618005164506 1080) (1427.6425531914892 944 1080) (1552 944 1080) (1552 98.17341040462361 1080) 
4 0 89 (1427.6425531914892 944 1080) (1427.6425531914892 960 1080) (1552 960 1080) (1552 944 1080) 
4 0 88 (1552 960 1080) (1568 960 1080) (1568 110.19653179190686 1080) (1552 98.17341040462361 1080) 
4 0 87 (2075.6974789915967 944 1080) (2075.6974789915967 491.70330791276047 1080) (1568 110.19653179190686 1080) (1568 944 1080) 
4 0 86 (1568 960 1080) (2075.6974789915967 960 1080) (2075.6974789915967 944 1080) (1568 944 1080) 
4 0 18 (1427.6425531914892 960 1080) (1427.6425531914892 1216 1080) (1879.9999999505062 1216 1080) (1879.9999999505062 960 1080) 
4 0 15 (1879.9999999505062 1216 1080) (2075.6974789915967 1216 1080) (2075.6974789915967 960 1080) (1879.9999999505062 960 1080) 
4 0 13 (1427.6425531914892 1216 1080) (1427.6425531914892 1232 1080) (1568 1232 1080) (1568 1216 1080) 
4 0 12 (1568 1232 1080) (2075.6974789915967 1232 1080) (2075.6974789915967 1216 1080) (1568 1216 1080) 
4 0 10 (1427.6425531914892 1232 1080) (1427.6425531914892 2259.421949753576 1080) (2075.6974789915967 1750.49746000095 1080) (2075.6974789915967 1232 1080) 
4 0 1 (1427.6425531914895 2259.421949753575 1080) (1427.6425531914895 4.72561800516587 1080) (1423.9756549854978 1.9701453648240204 1941.721078408064) (1423.9756549854978 2262.301604276925 1941.7210784080637) 
4 1 101 (1392 -59.253112033195066 1080) (1392 -22.057803468207936 1080) (1427.6425531914892 4.725618005165643 1080) (1427.6425531914892 -59.253112033195066 1080) 
4 1 90 (1392 -22.057803468207936 1080) (1392 944 1080) (1427.6425531914892 944 1080) (1427.6425531914892 4.725618005165643 1080) 
4 1 89 (1392 944 1080) (1392 960 1080) (1427.6425531914892 960 1080) (1427.6425531914892 944 1080) 
4 1 18 (1392 960 1080) (1392 1216 1080) (1427.6425531914892 1216 1080) (1427.6425531914892 960 1080) 
4 1 13 (1392 1216 1080) (1392 1232 1080) (1427.6425531914892 1232 1080) (1427.6425531914892 1216 1080) 
4 1 11 (1392 1232 1080) (1392 2288 1080) (1427.6425531914892 2288 1080) (1427.6425531914892 1232 1080) 
4 1 2 (1392 2288 1080) (1392 -59.253112033195066 1080) (1392 -47.99999999999909 1984) (1392 2288 1984) 
4 2 102 (1368 -91.95337995338014 1080) (1368 -40.0924855491327 1080) (1392 -22.05780346820802 1080) (1392 -95.99999999999955 1080) 
4 2 90 (1368 -40.0924855491327 1080) (1368 944 1080) (1392 944 1080) (1392 -22.05780346820802 1080) 
4 2 89 (1368 944 1080) (1368 960 1080) (1392 960 1080) (1392 944 1080) 
4 2 18 (1368 960 1080) (1368 1216 1080) (1392 1216 1080) (1392 960 1080) 
4 2 13 (1368 1216 1080) (1368 1232 1080) (1392 1232 1080) (1392 1216 1080) 
4 2 11 (1368 1232 1080) (1368 2288 1080) (1392 2288 1080) (1392 1232 1080) 
4 2 6 (1368 2288 1080) (1368 2324 1080) (1392 2328.1025641025635 1080) (1392 2288 1080) 
4 2 3 (1368 2323.2632887618306 1080) (1368 -91.95337995337968 1080) (1368 -91.95337995338014 2000) (1368 2323.9533799511287 2000) 
4 3 239 (-384 203.4498834498445 1080) (-384 751.6604409373156 1080) (276 231.22711836166133 1080) (276 92.16783216780783 1080) 
3 3 238 (276 293.09090909090764 1080) (276 231.22711836166133 1080) (197.54595005709461 293.09090909090764 1080) 
4 3 237 (-384 751.6604409373156 1080) (-384 837.8084929731124 1080) (-308 777.7862600090949 1080) (-308 691.7317553073917 1080) 
4 3 236 (-384 837.8084929731124 1080) (-384 1866.909090909095 1080) (-308 1866.909090909095 1080) (-308 777.7862600090949 1080) 
4 3 235 (0 1168 1080) (-0 534.5382632601818 1080) (-247.19550428867205 729.7649230769248 1080) (-247.19550428867205 1168 1080) 
4 3 234 (-160 1168 1080) (-247.19550428867205 1168 1080) (-247.19550428867205 1232 1080) (-160 1232 1080) 
4 3 232 (-96 1168 1080) (-160 1168 1080) (-160 1232 1080) (-96 1232 1080) 
4 3 230 (-0.3478260869645453 1168 1080) (-96 1168 1080) (-96 1232 1080) (-0.3478260869645453 1232 1080) 
4 3 228 (0 1232 1080) (0 1168 1080) (-0.3478260869645453 1168 1080) (-0.3478260869645453 1232 1080) 
4 3 224 (0 1602.7217734570856 1080) (0 1232 1080) (-247.19550428867205 1232 1080) (-247.19550428867205 1364.147393426879 1080) 
4 3 223 (-308 1866.909090909095 1080) (-0 1866.909090909095 1080) (0 1708.4291803438903 1080) (-308 1414.8685553665614 1080) 
5 3 198 (236 363.52215400547954 1080) (216.54016622722162 363.52215400547954 1080) (-0 534.5382632601818 1080) (0 1456 1080) (236 1456 1080) 
4 3 197 (276 800 1080) (276 363.52215400547954 1080) (236 363.52215400547954 1080) (236 800 1080) 
4 3 196 (276 1100 1080) (276 800 1080) (236 800 1080) (236 1100 1080) 
4 3 195 (276 1456 1080) (276 1100 1080) (236 1100 1080) (236 1456 1080) 
5 3 194 (276 1800.3202247191057 1080) (276 1456 1080) (0 1456 1080) (0 1602.7217734570856 1080) (204.73886927922067 1800.3202247191057 1080) 
3 3 193 (-0 1866.909090909095 1080) (166.2750665483585 1866.909090909095 1080) (0 1708.4291803438903 1080) 
4 3 191 (-384 1866.909090909095 1080) (-384 1997.3482220125989 1080) (276 2120.1244457879943 1080) (276 1866.909090909095 1080) 
4 3 190 (296 88.7956487956249 1080) (276 92.16783216780783 1080) (276 293.09090909090764 1080) (296 293.09090909090764 1080) 
4 3 189 (276 363.52215400547954 1080) (276 901.2000000000116 1080) (296 887.5848797250976 1080) (296 363.52215400547954 1080) 
4 3 187 (276 1106.5454545454654 1080) (276 1216 1080) (296 1216 1080) (296 1123.0023310023405 1080) 
4 3 186 (820 293.09090909090764 1080) (820 0.44444444443213627 1080) (296 88.7956487956249 1080) (296 293.09090909090764 1080) 
4 3 185 (820 899.1999999999896 1080) (820 363.52215400547954 1080) (296 363.52215400547954 1080) (296 532.7295597484518 1080) 
4 3 184 (660.9999999999999 788 1080) (296 532.7295597484518 1080) (296 556.0000000000001 1080) (627.4285714285713 788 1080) 
4 3 183 (553.6315789473683 736.3421052631579 1080) (296 556.0000000000001 1080) (296 788 1080) (477.8666666666666 788 1080) 
3 3 182 (296 788 1080) (296 887.5848797250976 1080) (442.285714285732 788 1080) 
3 3 181 (627.4285714285713 788 1080) (553.6315789473683 736.3421052631579 1080) (477.8666666666666 788 1080) 
6 3 176 (448.5333333333333 808 1080) (296 912 1080) (296 1092.1424487300255 1080) (444.6511701705664 1216 1080) (488 1216 1080) (488 808 1080) 
4 3 175 (488 808 1080) (488 1216 1080) (612 1216 1080) (612 808 1080) 
6 3 174 (800 908.8000000000001 1080) (655.9999999999999 808 1080) (612 808 1080) (612 1216 1080) (653.333333333333 1216 1080) (800 1105.9999999999998 1080) 
3 3 173 (680.718840579713 1216 1080) (800 1216 1080) (800 1124.7538802660824 1080) 
3 3 172 (296 1123.0023310023405 1080) (296 1216 1080) (409.0198300283254 1216 1080) 
4 3 171 (820 1216 1080) (820 1109.4545454545535 1080) (800 1124.7538802660827 1080) (800 1216 1080) 
4 3 170 (409.0198300283254 1216 1080) (276 1216 1080) (276 1234.909090909092 1080) (431.99999999999966 1234.909090909092 1080) 
4 3 169 (276 1234.909090909092 1080) (276 1420 1080) (506.4545368419044 1420 1080) (450.37982447874055 1234.909090909092 1080) 
4 3 167 (737.7600000000001 1216 1080) (680.718840579713 1216 1080) (656.0000000000001 1234.909090909092 1080) (730.952727272727 1234.909090909092 1080) 
4 3 157 (450.37982447874055 1234.909090909092 1080) (506.4545368419044 1420 1080) (664.32 1420 1080) (730.952727272727 1234.909090909092 1080) 
4 3 141 (820 1420 1080) (820 1216 1080) (737.7600000000001 1216 1080) (664.32 1420 1080) 
4 3 140 (506 1420 1080) (276 1420 1080) (276 1800 1080) (506 1800 1080) 
4 3 138 (596 1420 1080) (506 1420 1080) (506 1800 1080) (596 1800 1080) 
4 3 137 (820 1800 1080) (820 1420 1080) (596 1420 1080) (596 1800 1080) 
4 3 136 (820 1800.3202247191057 1080) (820 1800 1080) (276 1800 1080) (276 1800.3202247191057 1080) 
4 3 135 (276 2120.1244457879943 1080) (820 2221.321818111957 1080) (820 1866.909090909095 1080) (276 1866.909090909095 1080) 
4 3 133 (1285.0785682324151 293.09090909090764 1080) (1285.0785682324151 -77.97206628316758 1080) (820 0.44444444443213627 1080) (820 293.09090909090764 1080) 
4 3 132 (1285.0785682324151 363.52215400547954 1080) (1285.0785682324151 293.09090909090764 1080) (862.4865424430626 293.09090909090764 1080) (949.4282500877764 363.52215400547954 1080) 
3 3 131 (1285.0785682324151 635.431579335664 1080) (1285.0785682324151 363.52215400547954 1080) (949.4282500877764 363.52215400547954 1080) 
5 3 125 (1104 571.6730340534425 1080) (847.2854185152316 363.52215400547954 1080) (820 363.52215400547954 1080) (820 904 1080) (1104 904 1080) 
4 3 124 (820 904 1080) (820 940 1080) (1104 940 1080) (1104 904 1080) 
5 3 123 (820 940 1080) (820 1800.3202247191057 1080) (839.1773760606363 1800.3202247191057 1080) (1104 1570.2576257197486 1080) (1104 940 1080) 
4 3 122 (1105.3333333333333 572.7541355052003 1080) (1104 571.6730340534425 1080) (1104 940 1080) (1105.3333333333333 940 1080) 
4 3 121 (1276 711.135121330218 1080) (1105.3333333333333 572.7541355052003 1080) (1105.3333333333333 904 1080) (1276 904 1080) 
4 3 119 (1105.3333333333333 904 1080) (1105.3333333333333 940 1080) (1276 940 1080) (1276 904 1080) 
4 3 118 (1104 940 1080) (1104 1570.2576257197486 1080) (1276 1420.8339607803441 1080) (1276 940 1080) 
4 3 117 (1280 714.3784256854918 1080) (1276 711.135121330218 1080) (1276 1420.8339607803441 1080) (1280 1417.3589918282648 1080) 
3 3 116 (922.4354891460323 1800.3202247191057 1080) (1280 1800.3202247191057 1080) (1280 1483.4899786835763 1080) 
4 3 115 (1284 717.6217300407657 1080) (1280 714.3784256854918 1080) (1280 908 1080) (1284 908 1080) 
4 3 113 (1280 908 1080) (1280 940 1080) (1284 940 1080) (1284 908 1080) 
4 3 112 (1285.0785682324151 940 1080) (1285.0785682324151 718.4962613021787 1080) (1284 717.6217300407657 1080) (1284 940 1080) 
4 3 111 (1285.0785682324151 1412.9470250961003 1080) (1285.0785682324151 940 1080) (1280 940 1080) (1280 1417.3589918282646 1080) 
4 3 110 (1285.0785682324151 1800.3202247191057 1080) (1285.0785682324151 1478.9899682693951 1080) (1280 1483.489978683576 1080) (1280 1800.3202247191057 1080) 
4 3 109 (1285.0785682324151 1866.909090909095 1080) (1285.0785682324151 1800.3202247191057 1080) (922.4354891460318 1800.3202247191057 1080) (847.2854185152318 1866.909090909095 1080) 
4 3 108 (820 2221.321818111957 1080) (1285.0785682324151 2307.83786412172 1080) (1285.0785682324151 1866.909090909095 1080) (820 1866.909090909095 1080) 
4 3 106 (1345.8822833481233 -88.22413013717454 1080) (1285.0785682324151 -77.97206628316758 1080) (1285.0785682324151 635.431579335664 1080) (1345.8822833481233 684.6885063853443 1080) 
4 3 105 (1352 -89.2556332556338 1080) (1345.8822833481233 -88.22413013717454 1080) (1345.8822833481233 944 1080) (1352 944 1080) 
4 3 103 (1345.8822833481233 944 1080) (1345.8822833481233 960 1080) (1352 960 1080) (1352 944 1080) 
4 3 102 (1368 -40.092485549132675 1080) (1368 -91.95337995338014 1080) (1352 -89.2556332556338 1080) (1352 -52.115606936416036 1080) 
4 3 90 (1368 944 1080) (1368 -40.092485549132675 1080) (1352 -52.115606936416036 1080) (1352 944 1080) 
4 3 89 (1368 960 1080) (1368 944 1080) (1352 944 1080) (1352 960 1080) 
4 3 18 (1368 1216 1080) (1368 960 1080) (1345.8822833481233 960 1080) (1345.8822833481233 1216 1080) 
4 3 14 (1285.0785682324151 1478.9899682693956 1080) (1285.0785682324151 2288 1080) (1345.8822833481233 2288 1080) (1345.8822833481233 1425.1131000814007 1080) 
4 3 13 (1368 1232 1080) (1368 1216 1080) (1345.8822833481233 1216 1080) (1345.8822833481233 1232 1080) 
4 3 11 (1368 2288 1080) (1368 1232 1080) (1345.8822833481233 1232 1080) (1345.8822833481233 2288 1080) 
4 3 8 (1285.0785682324151 2307.83786412172 1080) (1352 2320.286895458185 1080) (1352 2288 1080) (1285.0785682324151 2288 1080) 
4 3 7 (1352 2320.286895458185 1080) (1368 2323.263288761831 1080) (1368 2288 1080) (1352 2288 1080) 
4 3 4 (-384 1968 1080) (-384 215 1080) (-384 215.00000000000003 1992.039603960396) (-384 1968 1992.039603960396) 
4 4 240 (-480 233.1894736842114 1080) (-480 827.3598333119562 1080) (-384 751.6604409373156 1080) (-384 214.99999999999977 1080) 
4 4 237 (-480 827.3598333119562 1080) (-480 913.626050401345 1080) (-384 837.8084929731124 1080) (-384 751.6604409373156 1080) 
4 4 236 (-480 913.626050401345 1080) (-480 1866.909090909095 1080) (-384 1866.909090909095 1080) (-384 837.8084929731124 1080) 
4 4 192 (-480 1866.909090909095 1080) (-480 1952.0000000000018 1080) (-384 1968 1080) (-384 1866.909090909095 1080) 
4 4 5 (-480 1919.9999999999998 1080) (-480 272 1080) (-480 272 1984.0000000000005) (-480 1920 1984) 
4 5 241 (-1002.9752066115703 1546.4462809917359 1080) (-480 1920 1080) (-480 272.0000000000002 1080) (-1002.9752066115703 667.9669421487602 1080) 
4 6 28 (1368 2288 56) (1392 2288 56) (1392 2288 304) (1368 2288 304) 
4 6 11 (1392 2288 304) (1392 2288 1080) (1368 2288 1080) (1368 2288 304) 
4 6 7 (1368 2322.495187264177 56) (1368 2288 56) (1368 2288 1080) (1368 2323.2632887618306 1080) 
4 7 28 (1352 2288 56) (1368 2288 56) (1368 2288 304) (1352 2288 304) 
4 7 11 (1368 2288 304) (1368 2288 1080) (1352 2288 1080) (1352 2288 304) 
4 7 9 (1352 2319.518793960532 56) (1352 2288 56) (1352 2288 176) (1352 2319.6088058547884 176) 
4 7 8 (1352 2288 192) (1352 2288 1080) (1352 2320.286895458185 1080) (1352 2319.620807440689 192) 
4 8 108 (1285.0785682324151 2307.1717761042237 192) (1285.0785682324151 2288 192) (1285.0785682324151 2288 1080) (1285.0785682324151 2307.8378641217196 1080) 
4 8 79 (1285.0785682324151 2288 296) (1285.0785682324151 2288 192) (1345.8822833481233 2288 192) (1345.8822833481233 2288 296) 
4 8 77 (1345.8822833481233 2288 304) (1285.0785682324151 2288 304) (1285.0785682324151 2288 296) (1345.8822833481233 2288 296) 
4 8 76 (1352 2288 192) (1352 2288 304) (1345.8822833481233 2288 304) (1345.8822833481233 2288 192) 
4 8 14 (1345.8822833481233 2288 1080) (1285.0785682324151 2288 1080) (1285.0785682324151 2288 304) (1345.8822833481233 2288 304) 
4 8 11 (1352 2288 304) (1352 2288 1080) (1345.8822833481233 2288 1080) (1345.8822833481233 2288 304) 
4 9 134 (1285.0785682324151 2307.0697626240662 56) (1285.0785682324151 2288 56) (1285.0785682324151 2288 176) (1285.0785682324151 2307.1597745183226 176) 
4 9 84 (1285.0785682324151 2288 56) (1328 2288 56) (1328 2288 176) (1285.0785682324151 2288 176) 
4 9 81 (1328 2288 56) (1352 2288 56) (1352 2288 176) (1328 2288 176) 
4 10 27 (1472 1232 304) (1430.9446808510636 1232 304) (1430.9446808510636 2256.8287534559445 304) (1472 2224.587570621469 304) 
4 10 13 (1568 1232 544) (1568 1232 1080) (1427.6425531914892 1232 1080) (1429.923404255319 1232 544) 
4 10 12 (1568 1232 304) (2662.588235294118 1232 304) (2075.6974789915967 1232 1080) (1568 1232 1080) 
4 10 11 (1430.944680851064 2256.828753455944 304) (1430.944680851064 1232 304) (1427.6425531914897 1232 1080) (1427.6425531914897 2259.421949753576 1080) 
4 11 76 (1345.8822833481233 2288 304) (1352 2288 304) (1352 1232 304) (1345.8822833481233 1232 304) 
4 11 28 (1352 2288 304) (1430.9446808510636 2288 304) (1430.9446808510636 1232 304) (1352 1232 304) 
4 11 14 (1345.8822833481233 2288 1080) (1345.8822833481233 2288 304) (1345.8822833481233 1425.1131000813625 304) (1345.8822833481233 1425.1131000814007 1080) 
4 11 13 (1345.8822833481233 1232 1080) (1345.8822833481233 1232 544) (1429.923404255319 1232 544) (1427.6425531914892 1232 1080) 
4 12 19 (2640 1216 304) (2662.588235294119 1216 304) (2650.4873949579846 1216 320) (2640 1216 320) 
3 12 18 (1879.9999999505062 1216 1080) (1568 1216 1080) (1568 1216 768.0000000197977) 
3 12 17 (1568 1216 329.3725830020313) (1568 1216 320) (1577.3725830020283 1216 320) 
4 12 16 (1571.8822509939084 1216 325.49033200812164) (1577.3725830020283 1216 320) (1600.0000000000089 1216 320) (1583.1959594928933 1216 336.8040405071102) 
6 12 15 (2650.4873949579846 1216 320) (2075.6974789915976 1216 1080) (1879.9999999505062 1216 1080) (1568 1216 768.0000000197977) (1568 1216 351.99999999999847) (1600.0000000000089 1216 320) 
4 12 13 (1568 1232 1080) (1568 1232 544) (1568 1216 544) (1568 1216 1080) 
4 13 18 (1568 1216 768.0000000197975) (1568 1216 1080) (1345.8822833481233 1216 1080) (1345.8822833481233 1216 545.8822833467796) 
4 13 17 (1348.6862915015893 1216 548.6862915005124) (1345.8822833481233 1216 545.8822833467796) (1345.8822833481233 1216 544) (1353.3725830021 1216 544) 
4 13 15 (1568 1216 544) (1568 1216 768.0000000197975) (1359.999999999966 1216 559.9999999999659) (1375.9999999999368 1216 544) 
4 14 110 (1285.0785682324151 1478.9899682693956 1080) (1285.0785682324151 1800.3202247191057 1080) (1285.0785682324151 1800.3202247191057 304) (1285.0785682324151 1478.9899682693572 304) 
4 14 109 (1285.0785682324151 1800.3202247191057 1080) (1285.0785682324151 1866.909090909095 1080) (1285.0785682324151 1866.909090909095 304) (1285.0785682324151 1800.3202247191057 304) 
4 14 108 (1285.0785682324151 1866.909090909095 1080) (1285.0785682324151 2288 1080) (1285.0785682324151 2288 304) (1285.0785682324151 1866.909090909095 304) 
4 14 77 (1285.0785682324151 2288 304) (1345.8822833481233 2288 304) (1345.8822833481233 1425.1131000813625 304) (1285.0785682324151 1478.9899682693572 304) 
4 15 89 (1552 960 752.0000000182747) (1359.999999999966 960 559.999999999966) (1375.999999999937 960 544) (1552 960 544) 
4 15 88 (1568 960 768.0000000197977) (1552 960 752.0000000182747) (1552 960 367.9999999999935) (1568 960 351.99999999999864) 
7 15 86 (1600.0000000000089 960 320) (2640 960 320) (2640 960 333.86666666666673) (2075.6974789915957 960 1080) (1879.9999999505062 960 1080) (1568 960 768.0000000197977) (1568 960 351.99999999999864) 
3 15 85 (2640 960 320) (2650.4873949579833 960 320) (2640 960 333.86666666666673) 
4 15 19 (2640 1216 320) (2650.487394957985 1216 320) (2650.4873949579837 960 320) (2640 960 320) 
4 15 18 (1879.999999950507 1216 1080) (1359.9999999999661 1216 559.9999999999659) (1359.9999999999661 960 559.9999999999658) (1879.999999950507 960 1080) 
4 15 16 (1583.1959594928933 1216 336.80404050711024) (1600.0000000000089 1216 320) (1600.0000000000089 960 320) (1583.1959594928933 960 336.8040405071102) 
4 16 86 (1577.3725830020283 960 320) (1600.0000000000089 960 320) (1583.1959594928933 960 336.80404050711024) (1571.8822509939084 960 325.49033200812164) 
4 16 17 (1577.3725830020283 1216 320) (1577.3725830020283 960 320) (1571.8822509939084 960 325.49033200812164) (1571.8822509939084 1216 325.49033200812164) 
5 17 103 (1352 960 544) (1352 960 545.372583002101) (1348.6862915015895 960 548.6862915005125) (1345.8822833481233 960 545.8822833467797) (1345.8822833481233 960 544) 
3 17 89 (1353.3725830021006 960 544) (1352 960 545.372583002101) (1352 960 544) 
4 17 88 (1552 960 320) (1568 960 320) (1568 960 329.37258300203126) (1552 960 345.37258300203644) 
3 17 86 (1568 960 320) (1577.3725830020283 960 320) (1568 960 329.37258300203126) 
4 17 20 (1345.8822833481233 1216 320) (1568 1216 320) (1568 960 320) (1345.8822833481233 960 320) 
4 17 18 (1348.6862915015895 1216 548.6862915005124) (1345.8822833481233 1216 545.8822833467793) (1345.8822833481233 960 545.8822833467793) (1348.6862915015895 960 548.6862915005124) 
4 18 103 (1352 960 1080) (1345.8822833481233 960 1080) (1345.8822833481233 960 545.8822833467797) (1352 960 551.9999999992386) 
4 18 89 (1552 960 1080) (1352 960 1080) (1352 960 551.9999999992386) (1552 960 752.0000000182747) 
4 18 88 (1568 960 1080) (1552 960 1080) (1552 960 752.0000000182747) (1568 960 768.0000000197975) 
3 18 86 (1879.9999999505062 960 1080) (1568 960 1080) (1568 960 768.0000000197975) 
4 19 85 (2640 960 304) (2662.5882352941176 960 304) (2650.4873949579833 960 320) (2640 960 320) 
4 19 48 (2662.588235294118 964 304) (2662.588235294118 960 304) (2640 960 304) (2640 964 304) 
4 19 32 (2662.588235294118 1208 304) (2662.588235294118 964 304) (2640 964 304) (2640 1208 304) 
4 19 21 (2662.588235294118 1216 304) (2662.588235294118 1208 304) (2640 1208 304) (2640 1216 304) 
4 20 111 (1285.0785682324151 960 304) (1285.0785682324151 960 320) (1285.0785682324151 1216 320) (1285.0785682324151 1216 304) 
4 20 88 (1552 960 304) (1568 960 304) (1568 960 320) (1552 960 320) 
4 20 78 (1345.8822833481233 960 304) (1285.0785682324151 960 304) (1285.0785682324151 1216 304) (1345.8822833481233 1216 304) 
4 20 76 (1352 960 304) (1345.8822833481233 960 304) (1345.8822833481233 1216 304) (1352 1216 304) 
4 20 61 (1368 960 304) (1352 960 304) (1352 1204 304) (1368 1204 304) 
4 20 59 (1384 960 304) (1368 960 304) (1368 1204 304) (1384 1204 304) 
4 20 57 (1400 960 304) (1384 960 304) (1384 1204 304) (1400 1204 304) 
4 20 56 (1416 960 304) (1400 960 304) (1400 1204 304) (1416 1204 304) 
4 20 55 (1568 960 304) (1416 960 304) (1416 1204 304) (1568 1204 304) 
4 20 53 (1352 1204 304) (1352 1208 304) (1568 1208 304) (1568 1204 304) 
4 20 29 (1352 1208 304) (1352 1216 304) (1568 1216 304) (1568 1208 304) 
4 21 51 (1804 1208 304) (1792 1208 304) (1792 1208 300) (1804 1208 300) 
4 21 49 (1820 1208 304) (1804 1208 304) (1804 1208 300) (1820 1208 300) 
4 21 46 (1836 1208 304) (1820 1208 304) (1820 1208 300) (1836 1208 300) 
4 21 44 (1852 1208 304) (1836 1208 304) (1836 1208 300) (1852 1208 300) 
4 21 42 (1868 1208 304) (1852 1208 304) (1852 1208 300) (1868 1208 300) 
4 21 40 (1884 1208 304) (1868 1208 304) (1868 1208 300) (1884 1208 300) 
4 21 38 (1900 1208 304) (1884 1208 304) (1884 1208 300) (1900 1208 300) 
4 21 37 (1916 1208 304) (1900 1208 304) (1900 1208 300) (1916 1208 300) 
4 21 36 (2424 1208 304) (1916 1208 304) (1916 1208 300) (2424 1208 300) 
4 21 33 (2568 1208 304) (2424 1208 304) (2424 1208 300) (2568 1208 300) 
4 21 32 (2665.6134453781515 1208 300) (2662.588235294118 1208 304) (2568 1208 304) (2568 1208 300) 
4 21 29 (1792 1208 300) (1792 1208 304) (1792 1216 304) (1792 1216 300) 
4 21 23 (2665.613445378151 1208 300) (2282.3111111111107 1208 300) (2271.9999999999995 1216 300) (2665.613445378151 1216 300) 
4 22 24 (1804 1963.8644067796613 248) (1804 1963.864406779661 56) (1804 1579.1034482758619 56) (1804 1579.1034482758619 248) 
5 22 23 (2271.9999999999995 1216 56) (2756.31654676259 1216 56) (2756.31654676259 1216 180.07034372501766) (2704.9411764705874 1216 248) (2271.9999999999995 1216 248) 
4 23 36 (2282.3111111111107 1208 56) (2424 1208 56) (2424 1208 300) (2282.3111111111107 1208 300) 
4 23 33 (2424 1208 56) (2568 1208 56) (2568 1208 300) (2424 1208 300) 
5 23 32 (2568 1208 56) (2766.5035971223015 1208 56) (2766.503597122302 1208 166.60079936051235) (2665.6134453781515 1208 300) (2568 1208 300) 
4 24 26 (1792 1973.2881355932204 56) (1792 1344 56) (1792 1344 248) (1792 1973.2881355932204 248) 
4 24 25 (1804 1344 56) (1804 1344 76) (1792 1344 76) (1792 1344 56) 
4 25 52 (1792 1208 56) (1804 1208 56) (1804 1208 76) (1792 1208 76) 
4 25 30 (1792 1208 56) (1792 1208 76) (1792 1216 76) (1792 1216 56) 
4 25 26 (1792 1216 76) (1792 1344 76) (1792 1344 56) (1792 1216 56) 
4 26 30 (1472 1216 56) (1792 1216 56) (1792 1216 76) (1472 1216 76) 
4 26 27 (1472 1216 56) (1472 1216 248) (1472 2224.5875706214692 248) (1472 2224.587570621469 56) 
4 27 30 (1432 1216 56) (1472 1216 56) (1472 1216 76) (1431.9148936170213 1216 76) 
4 27 29 (1472 1216 300) (1472 1216 304) (1430.9446808510638 1216 304) (1430.9617021276595 1216 300) 
4 27 28 (1432.0000000000002 1216 56) (1430.944680851064 1216 304) (1430.944680851064 2256.828753455944 304) (1432.0000000000002 2256 56) 
4 28 81 (1352 2288 176) (1352 2288 56) (1352 1216 56) (1352 1216 176) 
4 28 76 (1352 1216 304) (1352 2288 304) (1352 2288 192) (1352 1216 192) 
4 28 30 (1352 1216 76) (1352 1216 56) (1432 1216 56) (1431.9148936170213 1216 76) 
4 28 29 (1352 1216 304) (1352 1216 300) (1430.9617021276595 1216 300) (1430.9446808510638 1216 304) 
4 29 76 (1352 1208 304) (1352 1216 304) (1352 1216 300) (1352 1208 300) 
4 29 53 (1352 1208 304) (1352 1208 300) (1792 1208 300) (1792 1208 304) 
4 30 81 (1352 1216 76) (1352 1216 56) (1352 1208 56) (1352 1208 76) 
4 30 54 (1352 1208 76) (1352 1208 56) (1792 1208 56) (1792 1208 76) 
3 31 32 (2848.21223476008 1143.8333297646834 56) (2850.151260504201 1142.3105920334242 56) (2848.21223476008 1143.8333297646834 58.563822928338354) 
5 32 48 (2568 964 56) (2704.215384615384 964 56) (2704.215384615384 964 248.95965811965834) (2662.5882352941176 964 304) (2568 964 304) 
4 32 35 (2568 1024 56) (2568 964 56) (2568 964 304) (2568 1024 304) 
4 32 34 (2568 1024 288) (2568 1024 304) (2568 1136 304) (2568 1136 288) 
4 32 33 (2568 1208 304) (2568 1208 56) (2568 1136 56) (2568 1136 304) 
4 33 36 (2424 1208 304) (2424 1208 56) (2424 1136 56) (2424 1136 304) 
4 33 34 (2424 1136 304) (2424 1136 288) (2568 1136 288) (2568 1136 304) 
4 34 36 (2424 1024 288) (2424 1024 304) (2424 1136 304) (2424 1136 288) 
4 34 35 (2424 1024 304) (2424 1024 288) (2568 1024 288) (2568 1024 304) 
4 35 48 (2424 964 56) (2568 964 56) (2568 964 304) (2424 964 304) 
4 35 36 (2424 1024 56) (2424 964 56) (2424 964 304) (2424 1024 304) 
4 36 48 (1916 964 56) (2424 964 56) (2424 964 304) (1916 964 304) 
4 36 37 (1916 1208 304) (1916 1208 64) (1916 964 64) (1916 964 304) 
4 37 48 (1916 964 64) (1916 964 304) (1900 964 304) (1900 964 64) 
4 37 38 (1900 1208 304) (1900 1208 72) (1900 964 72) (1900 964 304) 
4 38 48 (1900 964 72) (1900 964 304) (1884 964 304) (1884 964 72) 
4 38 40 (1884 1208 304) (1884 1208 80) (1884 964 80) (1884 964 304) 
4 39 48 (1884 964 56) (1900 964 56) (1900 964 64) (1884 964 64) 
4 39 41 (1884 1208 64) (1884 1208 56) (1884 964 56) (1884 964 64) 
4 40 48 (1884 964 80) (1884 964 304) (1868 964 304) (1868 964 80) 
4 40 42 (1868 1208 304) (1868 1208 88) (1868 964 88) (1868 964 304) 
4 41 48 (1868 964 56) (1884 964 56) (1884 964 72) (1868 964 72) 
4 41 43 (1868 1208 72) (1868 1208 56) (1868 964 56) (1868 964 72) 
4 42 48 (1868 964 88) (1868 964 304) (1852 964 304) (1852 964 88) 
4 42 44 (1852 1208 304) (1852 1208 96) (1852 964 96) (1852 964 304) 
4 43 48 (1852 964 56) (1868 964 56) (1868 964 80) (1852 964 80) 
4 43 45 (1852 1208 80) (1852 1208 56) (1852 964 56) (1852 964 80) 
4 44 48 (1852 964 96) (1852 964 304) (1836 964 304) (1836 964 96) 
4 44 46 (1836 1208 304) (1836 1208 104) (1836 964 104) (1836 964 304) 
4 45 48 (1836 964 56) (1852 964 56) (1852 964 88) (1836 964 88) 
4 45 47 (1836 1208 88) (1836 1208 56) (1836 964 56) (1836 964 88) 
4 46 69 (1820 964 112) (1820 964 128) (1820 1204 128) (1820 1204 112) 
4 46 63 (1820 964 128) (1820 964 152) (1820 1204 152) (1820 1204 128) 
4 46 55 (1820 964 152) (1820 964 304) (1820 1204 304) (1820 1204 152) 
4 46 49 (1820 1208 304) (1820 1208 112) (1820 1204 112) (1820 1204 304) 
4 46 48 (1820 964 304) (1820 964 104) (1836 964 104) (1836 964 304) 
4 47 75 (1820 1204 56) (1820 964 56) (1820 964 76) (1820 1204 76) 
4 47 70 (1820 964 76) (1820 964 96) (1820 1204 96) (1820 1204 76) 
4 47 50 (1820 1208 96) (1820 1208 56) (1820 1204 56) (1820 1204 96) 
4 47 48 (1820 964 96) (1820 964 56) (1836 964 56) (1836 964 96) 
4 48 100 (2697.230094345386 960 56) (2698.8923076923074 960 56) (2698.892307692308 960 255.99794871794842) (2697.230094345389 960 258.1957641433194) 
5 48 91 (1820 960 56) (2697.230094345386 960 56) (2697.230094345389 960 258.1957641433194) (2662.5882352941176 960 304) (1820 960 304) 
4 48 75 (1820 964 56) (1820 960 56) (1820 960 76) (1820 964 76) 
4 48 73 (1820 960 76) (1820 960 128) (1820 964 128) (1820 964 76) 
4 48 63 (1820 960 128) (1820 960 152) (1820 964 152) (1820 964 128) 
4 48 55 (1820 960 152) (1820 960 304) (1820 964 304) (1820 964 152) 
4 49 71 (1808 1204 128) (1804 1204 128) (1804 1204 112) (1808 1204 112) 
4 49 69 (1820 1204 112) (1820 1204 128) (1808 1204 128) (1808 1204 112) 
4 49 63 (1820 1204 128) (1820 1204 152) (1804 1204 152) (1804 1204 128) 
4 49 55 (1820 1204 152) (1820 1204 304) (1804 1204 304) (1804 1204 152) 
4 49 51 (1804 1208 304) (1804 1208 300) (1804 1204 300) (1804 1204 304) 
4 50 75 (1804 1204 56) (1820 1204 56) (1820 1204 76) (1804 1204 76) 
4 50 72 (1808 1204 104) (1804 1204 104) (1804 1204 76) (1808 1204 76) 
4 50 70 (1820 1204 76) (1820 1204 104) (1808 1204 104) (1808 1204 76) 
4 50 52 (1804 1208 76) (1804 1208 56) (1804 1204 56) (1804 1204 76) 
4 51 55 (1804 1204 300) (1804 1204 304) (1792 1204 304) (1792 1204 300) 
4 51 53 (1792 1208 304) (1792 1208 300) (1792 1204 300) (1792 1204 304) 
4 52 75 (1792 1204 56) (1804 1204 56) (1804 1204 76) (1792 1204 76) 
4 52 54 (1792 1208 76) (1792 1208 56) (1792 1204 56) (1792 1204 76) 
4 53 76 (1352 1204 304) (1352 1208 304) (1352 1208 300) (1352 1204 300) 
4 53 61 (1352 1204 304) (1352 1204 300) (1368 1204 300) (1368 1204 304) 
4 53 59 (1368 1204 300) (1384 1204 300) (1384 1204 304) (1368 1204 304) 
4 53 57 (1384 1204 300) (1400 1204 300) (1400 1204 304) (1384 1204 304) 
4 53 56 (1400 1204 300) (1416 1204 300) (1416 1204 304) (1400 1204 304) 
4 53 55 (1416 1204 300) (1792 1204 300) (1792 1204 304) (1416 1204 304) 
4 54 81 (1352 1208 76) (1352 1208 56) (1352 1204 56) (1352 1204 76) 
4 54 75 (1352 1204 76) (1352 1204 56) (1792 1204 56) (1792 1204 76) 
4 55 95 (1804 960 304) (1416 960 304) (1416 960 300) (1804 960 300) 
4 55 91 (1820 960 152) (1820 960 304) (1804 960 304) (1804 960 152) 
4 55 65 (1432 1204 152) (1448 1204 152) (1448 960 152) (1432 960 152) 
4 55 64 (1448 1204 152) (1464 1204 152) (1464 960 152) (1448 960 152) 
4 55 63 (1464 1204 152) (1820 1204 152) (1820 960 152) (1464 960 152) 
4 55 56 (1416 1204 304) (1416 1204 160) (1416 960 160) (1416 960 304) 
4 56 95 (1416 960 304) (1400 960 304) (1400 960 300) (1416 960 300) 
4 56 57 (1400 1204 304) (1400 1204 168) (1400 960 168) (1400 960 304) 
4 57 95 (1400 960 304) (1384 960 304) (1384 960 300) (1400 960 300) 
4 57 59 (1384 1204 304) (1384 1204 176) (1384 960 176) (1384 960 304) 
4 58 68 (1384 1204 152) (1400 1204 152) (1400 960 152) (1384 960 152) 
4 58 60 (1384 1204 160) (1384 1204 152) (1384 960 152) (1384 960 160) 
4 59 95 (1384 960 304) (1368 960 304) (1368 960 300) (1384 960 300) 
4 59 61 (1368 1204 304) (1368 1204 184) (1368 960 184) (1368 960 304) 
4 60 68 (1368 1204 152) (1384 1204 152) (1384 960 152) (1368 960 152) 
4 60 62 (1368 1204 168) (1368 1204 152) (1368 960 152) (1368 960 168) 
4 61 95 (1368 960 304) (1352 960 304) (1352 960 300) (1368 960 300) 
4 61 76 (1352 960 192) (1352 960 304) (1352 1204 304) (1352 1204 192) 
4 62 82 (1352 960 152) (1352 960 176) (1352 1203 176) (1352 1203 152) 
4 62 81 (1352 1203 176) (1352 1204 176) (1352 1204 152) (1352 1203 152) 
4 62 68 (1352 960 152) (1352 1204 152) (1368 1204 152) (1368 960 152) 
4 63 91 (1820 960 128) (1820 960 152) (1804 960 152) (1804 960 128) 
4 63 74 (1464 1204 128) (1804 1204 128) (1804 1203 128) (1464 1203 128) 
4 63 73 (1820 964 128) (1820 960 128) (1808 960 128) (1808 964 128) 
4 63 71 (1804 1204 128) (1808 1204 128) (1808 1203 128) (1804 1203 128) 
4 63 69 (1808 1204 128) (1820 1204 128) (1820 964 128) (1808 964 128) 
4 63 64 (1464 960 136) (1464 960 152) (1464 1204 152) (1464 1204 136) 
4 64 65 (1448 960 144) (1448 960 152) (1448 1204 152) (1448 1204 144) 
4 66 74 (1432 1204 128) (1448 1204 128) (1448 1203 128) (1432 1203 128) 
4 66 67 (1432 1204 128) (1432 960 128) (1432 960 136) (1432 1204 136) 
4 67 74 (1416 1204 128) (1432 1204 128) (1432 1203 128) (1416 1203 128) 
4 67 68 (1416 1204 128) (1416 960 128) (1416 960 144) (1416 1204 144) 
4 68 82 (1352 960 128) (1352 960 152) (1352 1203 152) (1352 1203 128) 
4 68 81 (1352 1203 152) (1352 1204 152) (1352 1204 128) (1352 1203 128) 
4 68 74 (1352 1203 128) (1352 1204 128) (1416 1204 128) (1416 1203 128) 
4 69 73 (1820 964 112) (1820 964 128) (1808 964 128) (1808 964 112) 
4 69 71 (1808 1203 128) (1808 1204 128) (1808 1204 112) (1808 1203 112) 
4 70 75 (1808 1204 76) (1820 1204 76) (1820 964 76) (1808 964 76) 
4 70 73 (1808 964 76) (1820 964 76) (1820 964 104) (1808 964 104) 
4 70 72 (1808 1204 76) (1808 1203 76) (1808 1203 104) (1808 1204 104) 
4 71 74 (1804 1203 128) (1804 1204 128) (1804 1204 112) (1804 1203 112) 
4 72 75 (1804 1204 76) (1808 1204 76) (1808 1203 76) (1804 1203 76) 
4 72 74 (1804 1204 76) (1804 1203 76) (1804 1203 104) (1804 1204 104) 
4 73 91 (1820 960 76) (1820 960 128) (1808 960 128) (1808 960 76) 
4 73 75 (1820 964 76) (1820 960 76) (1808 960 76) (1808 964 76) 
4 74 81 (1352 1203 128) (1352 1204 128) (1352 1204 76) (1352 1203 76) 
4 74 75 (1352 1203 76) (1352 1204 76) (1804 1204 76) (1804 1203 76) 
4 75 96 (1352 960 56) (1804 960 56) (1804 960 76) (1352 960 76) 
4 75 91 (1804 960 56) (1820 960 56) (1820 960 76) (1804 960 76) 
4 75 83 (1352 960 56) (1352 960 76) (1352 1203 76) (1352 1203 56) 
4 75 81 (1352 1203 76) (1352 1204 76) (1352 1204 56) (1352 1203 56) 
4 76 104 (1345.8822833481233 960 192) (1352 960 192) (1352 960 304) (1345.8822833481233 960 304) 
4 76 80 (1345.8822833481233 1212 192) (1345.8822833481233 960 192) (1345.8822833481233 960 296) (1345.8822833481233 1212 296) 
4 76 79 (1345.8822833481233 2288 192) (1345.8822833481233 1425.1131000813568 192) (1345.8822833481233 1425.113100081362 296) (1345.8822833481233 2288 296) 
4 76 78 (1345.8822833481233 960 296) (1345.8822833481233 960 304) (1345.8822833481233 1216 304) (1345.8822833481233 1216 296) 
4 76 77 (1345.8822833481233 1425.1131000813623 304) (1345.8822833481233 2288 304) (1345.8822833481233 2288 296) (1345.8822833481233 1425.113100081362 296) 
4 77 110 (1285.0785682324151 1478.9899682693572 304) (1285.0785682324151 1800.3202247191057 304) (1285.0785682324151 1800.3202247191057 296) (1285.0785682324151 1478.989968269357 296) 
4 77 109 (1285.0785682324151 1800.3202247191057 304) (1285.0785682324151 1866.909090909095 304) (1285.0785682324151 1866.909090909095 296) (1285.0785682324151 1800.3202247191057 296) 
4 77 108 (1285.0785682324151 1866.909090909095 304) (1285.0785682324151 2288 304) (1285.0785682324151 2288 296) (1285.0785682324151 1866.909090909095 296) 
4 77 79 (1285.0785682324151 2288 296) (1345.8822833481233 2288 296) (1345.8822833481233 1425.113100081362 296) (1285.0785682324151 1478.989968269357 296) 
4 78 111 (1285.0785682324151 960 296) (1285.0785682324151 960 304) (1285.0785682324151 1216 304) (1285.0785682324151 1216 296) 
4 78 80 (1345.8822833481233 1212 296) (1345.8822833481233 960 296) (1285.0785682324151 960 296) (1285.0785682324151 1212 296) 
4 79 110 (1285.0785682324151 1478.989968269357 296) (1285.0785682324151 1800.3202247191057 296) (1285.0785682324151 1800.3202247191057 192) (1285.0785682324151 1478.9899682693517 192) 
4 79 109 (1285.0785682324151 1800.3202247191057 296) (1285.0785682324151 1866.909090909095 296) (1285.0785682324151 1866.909090909095 192) (1285.0785682324151 1800.3202247191057 192) 
4 79 108 (1285.0785682324151 1866.909090909095 296) (1285.0785682324151 2288 296) (1285.0785682324151 2288 192) (1285.0785682324151 1866.909090909095 192) 
4 80 111 (1285.0785682324151 960 192) (1285.0785682324151 960 296) (1285.0785682324151 1212 296) (1285.0785682324151 1212 192) 
4 81 84 (1328 1203 176) (1328 2288 176) (1328 2288 56) (1328 1203 56) 
4 81 83 (1328 1203 76) (1328 1203 56) (1352 1203 56) (1352 1203 76) 
4 81 82 (1328 1203 176) (1328 1203 128) (1352 1203 128) (1352 1203 176) 
4 82 107 (1352 960 128) (1352 960 176) (1328 960 176) (1328 960 128) 
4 82 84 (1328 960 128) (1328 960 176) (1328 1203 176) (1328 1203 128) 
4 83 107 (1328 960 56) (1352 960 56) (1352 960 76) (1328 960 76) 
4 83 84 (1328 960 56) (1328 960 76) (1328 1203 76) (1328 1203 56) 
4 84 134 (1285.0785682324151 2288 56) (1285.0785682324151 960 56) (1285.0785682324151 960 176) (1285.0785682324151 2288 176) 
4 84 107 (1285.0785682324151 960 176) (1285.0785682324151 960 56) (1328 960 56) (1328 960 176) 
4 85 100 (2662.588235294118 932.7194831689906 304) (2640 915.7456647398845 304) (2640 917.0309527669066 304) (2662.588235294118 933.9904731096051 304) 
4 85 93 (2640 944 304) (2640 952 304) (2662.588235294118 952 304) (2662.588235294118 944 304) 
4 85 91 (2640 952 304) (2640 960 304) (2662.588235294118 960 304) (2662.588235294118 952 304) 
4 85 87 (2640 944 304) (2640 915.745664739884 304) (2640 915.7456647398849 333.866666666666) (2640 944 333.866666666666) 
4 85 86 (2640 944 320) (2640 944 333.866666666666) (2640 960 333.866666666666) (2640 960 320) 
4 86 88 (1568 960 1080) (1568 960 320) (1568 944 320) (1568 944 1080) 
5 86 87 (2640 944 320) (2640 944 333.86666666666497) (2075.6974789915957 944 1080) (1568 944 1080) (1568 944 320) 
4 87 100 (2640 915.7456647398845 304) (1568 110.19653179190766 304) (1568 112.16038316968994 304) (2640 917.0309527669066 304) 
4 87 88 (1568 944 304) (1568 110.19653179190755 304) (1568 110.19653179190755 1080) (1568 944 1080) 
4 88 100 (1568 110.19653179190766 304) (1552 98.1734104046244 304) (1552 100.14738959361217 304) (1568 112.16038316969002 304) 
4 88 97 (1552 944 304) (1552 948 304) (1568 948 304) (1568 944 304) 
4 88 95 (1552 948 304) (1552 960 304) (1568 960 304) (1568 948 304) 
4 88 90 (1552 944 304) (1552 98.17341040462543 304) (1552 98.17341040462534 1080) (1552 944 1080) 
4 88 89 (1552 960 1080) (1552 960 544) (1552 944 544) (1552 944 1080) 
4 89 103 (1352 960 1080) (1352 960 544) (1352 944 544) (1352 944 1080) 
4 89 90 (1352 944 1080) (1352 944 544) (1552 944 544) (1552 944 1080) 
4 90 105 (1352 944 304) (1352 -52.11560693641603 304) (1352 -52.11560693641597 1080) (1352 944 1080) 
4 90 102 (1352 -52.11560693641553 1080) (1352 -52.115606936415574 304) (1392 -22.057803468207506 304) (1392 -22.0578034682074 1080) 
4 90 101 (1392 -22.057803468207506 304) (1430.9446808510638 7.20698561062656 304) (1427.6425531914892 4.725618005166055 1080) (1392 -22.0578034682074 1080) 
4 90 100 (1552 98.1734104046244 304) (1352 -52.11560693641604 304) (1352 -50.015030107361184 304) (1552 100.14738959361216 304) 
4 90 99 (1352 -50.015030107361184 304) (1352 944 304) (1472 944 304) (1472 40.08242171322282 304) 
4 91 100 (2697.230094345385 960 56) (2697.230094345388 960 258.19576414332056) (2686.574965031501 952 272.28421290279357) (2686.5749650314983 952 56) 
4 91 96 (1804 960 76) (1804 960 56) (1804 952 56) (1804 952 76) 
4 91 95 (1804 952 304) (1804 960 304) (1804 960 300) (1804 952 300) 
4 91 94 (2280.0000000000005 952 56) (2686.5749650314997 952 56) (2686.574965031502 952 248) (2280.0000000000005 952 248) 
5 91 93 (2280.0000000000005 952 248) (2686.574965031502 952 248) (2686.5749650315024 952 272.2842129027907) (2662.588235294117 952 304) (2280.0000000000005 952 304) 
4 91 92 (1804 952 304) (1804 952 300) (2280.0000000000005 952 300) (2280.0000000000005 952 304) 
4 92 97 (1804 944 304) (1804 948 304) (1804 948 300) (1804 944 300) 
4 92 95 (1804 948 304) (1804 952 304) (1804 952 300) (1804 948 300) 
4 92 93 (2268.7619047619055 944 300) (2280.000000000001 952 300) (2280.000000000001 952 304) (2268.7619047619055 944 304) 
4 93 100 (2675.919835717614 944 286.37266166226533) (2675.9198357176138 944 248) (2686.5749650315006 952 248) (2686.574965031501 952 272.2842129027934) 
4 93 94 (2268.761904761905 944 248) (2280.0000000000005 952 248) (2686.574965031502 952 248) (2675.919835717615 944 248) 
4 94 100 (1804 289.35203841683966 248) (1804 289.3520384168415 56) (2686.5749650314983 952 56) (2686.5749650315006 952 248) 
4 94 98 (1804 289.35203841684046 56) (1804 289.3520384168387 248) (1804 613.152542372881 248) (1804 613.152542372881 56) 
4 95 104 (1352 960 304) (1352 960 300) (1352 948 300) (1352 948 304) 
4 95 99 (1472 948 304) (1352 948 304) (1352 948 300) (1472 948 300) 
4 95 97 (1804 948 300) (1804 948 304) (1472 948 304) (1472 948 300) 
4 96 107 (1352 960 76) (1352 960 56) (1352 948 56) (1352 948 76) 
4 96 99 (1472 948 76) (1352 948 76) (1352 948 56) (1472 948 56) 
4 96 97 (1804 948 56) (1804 948 76) (1472 948 76) (1472 948 56) 
4 97 99 (1472 948 304) (1472 948 56) (1472 944 56) (1472 944 304) 
4 97 98 (1472 944 248) (1472 944 56) (1804 944 56) (1804 944 248) 
4 98 100 (1472 40.08242171322405 248) (1472 40.08242171322582 56) (1804 289.3520384168415 56) (1804 289.35203841683966 248) 
4 98 99 (1472 944 56) (1472 40.082421713224846 56) (1472 40.08242171322308 248) (1472 944 248) 
4 99 107 (1352 948 56) (1352 -50.01503010735894 56) (1352 -50.01503010736002 176) (1352 948 176) 
4 99 105 (1352 -50.01503010736016 192) (1352 -50.01503010736116 304) (1352 944 304) (1352 944 192) 
4 99 104 (1352 944 304) (1352 948 304) (1352 948 192) (1352 944 192) 
4 99 100 (1472 40.08242171322354 304) (1352 -50.01503010736042 304) (1352 -50.015030107358164 56) (1472 40.08242171322582 56) 
4 100 107 (1352 -50.01503010735894 56) (1352 -52.11560693641604 56) (1352 -52.115606936416036 176) (1352 -50.01503010736002 176) 
4 100 105 (1352 -52.115606936416036 192) (1352 -52.11560693641603 304) (1352 -50.01503010736116 304) (1352 -50.01503010736016 192) 
4 100 102 (1352 -52.115606936415574 304) (1352 -52.11560693641559 56) (1392 -22.05780346820751 56) (1392 -22.05780346820746 304) 
4 100 101 (1392 -22.05780346820751 56) (1432 8.000000000000568 56) (1430.9446808510636 7.206985610626475 304) (1392 -22.05780346820746 304) 
4 101 102 (1392 -59.25311203319502 1080) (1392 -22.057803468207567 1080) (1392 -22.057803468207567 56) (1392 -72 56) 
4 102 107 (1352 -52.11560693641604 56) (1352 -89.25563325563417 56) (1352 -89.25563325563417 176) (1352 -52.115606936416036 176) 
4 102 105 (1352 -89.25563325563417 192) (1352 -89.25563325563417 1080) (1352 -52.11560693641597 1080) (1352 -52.115606936416036 192) 
4 103 105 (1345.8822833481233 944 1080) (1345.8822833481233 944 544) (1352 944 544) (1352 944 1080) 
4 104 105 (1345.8822833481233 944 304) (1345.8822833481233 944 192) (1352 944 192) (1352 944 304) 
4 105 106 (1345.8822833481233 684.6885063853443 192) (1345.8822833481233 -88.22413013717414 192) (1345.8822833481233 -88.22413013717424 1080) (1345.8822833481233 684.6885063853442 1080) 
4 106 133 (1285.0785682324151 -77.9720662831678 192) (1285.0785682324151 -77.9720662831678 1080) (1285.0785682324151 293.09090909090764 1080) (1285.0785682324151 293.09090909090764 192) 
4 106 132 (1285.0785682324151 293.09090909090764 1080) (1285.0785682324151 363.52215400547954 1080) (1285.0785682324151 363.52215400547954 192) (1285.0785682324151 293.09090909090764 192) 
4 106 131 (1285.0785682324151 363.52215400547954 1080) (1285.0785682324151 635.431579335664 1080) (1285.0785682324151 635.431579335664 192) (1285.0785682324151 363.52215400547954 192) 
4 107 134 (1285.0785682324151 960 56) (1285.0785682324151 -77.9720662831678 56) (1285.0785682324151 -77.9720662831678 176) (1285.0785682324151 960 176) 
4 108 135 (820 2220.6557300944605 192) (820 1866.909090909095 192) (820 1866.909090909095 1080) (820 2221.3218181119564 1080) 
4 108 109 (847.2854185151831 1866.909090909095 192) (1285.0785682324151 1866.909090909095 192) (1285.0785682324151 1866.909090909095 1080) (847.2854185152318 1866.909090909095 1080) 
4 109 116 (922.4354891459832 1800.3202247191057 192) (1280 1800.3202247191057 192) (1280 1800.3202247191057 1080) (922.4354891460318 1800.3202247191057 1080) 
4 109 110 (1280 1800.3202247191057 192) (1285.0785682324151 1800.3202247191057 192) (1285.0785682324151 1800.3202247191057 1080) (1280 1800.3202247191057 1080) 
4 110 116 (1280 1800.3202247191057 1080) (1280 1800.3202247191057 192) (1280 1483.4899786835326 192) (1280 1483.489978683576 1080) 
4 111 117 (1280 1417.3589918282646 192) (1280 940 192) (1280 940 1080) (1280 1417.3589918282646 1080) 
4 111 114 (1280 940 316) (1280 940 192) (1284 940 192) (1284 940 316) 
4 111 113 (1280 940 1080) (1280 940 364) (1284 940 364) (1284 940 1080) 
4 111 112 (1284 940 192) (1285.0785682324151 940 192) (1285.0785682324151 940 1080) (1284 940 1080) 
4 112 115 (1284 908 192) (1284 717.621730040766 192) (1284 717.621730040766 1080) (1284 908 1080) 
4 112 114 (1284 940 316) (1284 940 192) (1284 908 192) (1284 908 316) 
4 112 113 (1284 940 1080) (1284 940 364) (1284 908 364) (1284 908 1080) 
4 113 117 (1280 908 364) (1280 908 1080) (1280 940 1080) (1280 940 364) 
4 113 115 (1280 908 1080) (1280 908 364) (1284 908 364) (1284 908 1080) 
4 114 117 (1280 940 192) (1280 908 192) (1280 908 316) (1280 940 316) 
4 114 115 (1280 908 316) (1280 908 192) (1284 908 192) (1284 908 316) 
4 115 117 (1280 908 192) (1280 714.3784256854924 192) (1280 714.3784256854924 1080) (1280 908 1080) 
4 117 121 (1276 904 192) (1276 711.1351213302186 192) (1276 711.1351213302186 1080) (1276 904 1080) 
4 117 120 (1276 940 192) (1276 904 192) (1276 904 344) (1276 940 344) 
4 117 119 (1276 904 364) (1276 904 1080) (1276 940 1080) (1276 940 364) 
4 117 118 (1276 1420.8339607803437 1080) (1276 1420.8339607803437 192) (1276 940 192) (1276 940 1080) 
4 118 130 (1104 1570.257625719748 276) (1104 1570.257625719748 192) (1104 940 192) (1104 940 276) 
4 118 123 (1104 1570.257625719748 1080) (1104 1570.257625719748 276) (1104 940 276) (1104 940 1080) 
4 118 122 (1104 940 1080) (1104 940 192) (1105.3333333333333 940 192) (1105.3333333333333 940 1080) 
4 118 120 (1105.3333333333333 940 192) (1276 940 192) (1276 940 344) (1105.3333333333333 940 276) 
4 118 119 (1276 940 364) (1276 940 1080) (1105.3333333333333 940 1080) (1105.3333333333333 940 296) 
4 119 122 (1105.3333333333333 940 1080) (1105.3333333333333 940 296) (1105.3333333333333 904 296) (1105.3333333333333 904 1080) 
4 119 121 (1105.3333333333333 904 1080) (1105.3333333333333 904 296) (1276 904 364) (1276 904 1080) 
4 120 122 (1105.3333333333333 940 276) (1105.3333333333333 940 192) (1105.3333333333333 904 192) (1105.3333333333333 904 276) 
4 120 121 (1105.3333333333333 904 276) (1105.3333333333333 904 192) (1276 904 192) (1276 904 344) 
4 121 122 (1105.3333333333333 904 192) (1105.3333333333333 572.7541355052001 192) (1105.3333333333333 572.7541355052001 1080) (1105.3333333333333 904 1080) 
4 122 130 (1104 940 192) (1104 571.6730340534431 192) (1104 571.6730340534431 276) (1104 940 276) 
4 122 125 (1104 571.6730340534431 276) (1104 571.6730340534431 1080) (1104 904 1080) (1104 904 276) 
4 122 124 (1104 904 1080) (1104 940 1080) (1104 940 296) (1104 904 296) 
4 123 171 (820 1109.4545454545535 1080) (820 1216 1080) (820 1216 353.44140625) (820 1109.454545454543 353.44140625) 
4 123 141 (820 1216 1080) (820 1420 1080) (820 1420 353.44140625) (820 1216 353.44140625) 
4 123 137 (820 1420 1080) (820 1800 1080) (820 1800 353.44140625) (820 1420 353.44140625) 
4 123 136 (820 1800 1080) (820 1800.3202247191057 1080) (820 1800.3202247191057 353.44140625) (820 1800 353.44140625) 
4 123 130 (1014.3627450980391 1648.1292951532291 276) (1104 1570.2576257197488 276) (1104 940 276) (1014.3627450980391 940 276) 
5 123 126 (820 1800.3202247191057 353.44140625) (839.1773760606366 1800.3202247191057 345.8004204758399) (1014.362745098039 1648.1292951532287 276) (1014.3627450980389 940 276) (820 940 353.44140624999994) 
5 123 124 (820 940 1080) (820 940 353.44140625000045) (964.1666666666678 940 296) (1104 940 296) (1104 940 1080) 
5 124 125 (820 904 1080) (820 904 353.44140625000045) (964.1666666666678 904 296) (1104 904 296) (1104 904 1080) 
4 125 185 (820 363.52215400547954 353.44140625) (820 363.52215400547954 1080) (820 899.1999999999896 1080) (820 899.1999999999896 353.44140625) 
4 125 130 (1104 904 276) (1104 571.673034053443 276) (1014.3627450980391 498.9928092488625 276) (1014.3627450980391 904 276) 
5 125 129 (1014.3627450980389 904 276) (1014.3627450980389 498.99280924886193 276) (847.2854185152318 363.52215400547954 342.56987231033725) (820 363.52215400547954 353.4414062499999) (820 904 353.44140624999994) 
4 126 171 (820 1109.454545454543 353.44140625) (820 1216 353.44140625) (820 1216 276) (820 1109.4545454545419 276) 
4 126 141 (820 1216 353.44140625) (820 1420 353.44140625) (820 1420 276) (820 1216 276) 
4 126 137 (820 1420 353.44140625) (820 1800 353.44140625) (820 1800 276) (820 1420 276) 
4 126 136 (820 1800 353.44140625) (820 1800.3202247191057 353.44140625) (820 1800.3202247191057 276) (820 1800 276) 
5 126 130 (820 1800.3202247191057 276) (839.1773760606366 1800.3202247191057 276) (1014.3627450980391 1648.1292951532291 276) (1014.3627450980391 940 276) (820 940 276) 
4 126 128 (820 940 276) (964.1666666666667 940 276) (913.9705882352943 940 296) (820 940 296) 
3 126 127 (820 940 333.44140625) (820 940 296) (913.9705882352943 940 296) 
3 127 129 (820 904 333.44140625) (820 904 296) (913.9705882352943 904 296) 
4 127 128 (913.9705882352941 904 296) (820 904 296) (820 940 296) (913.9705882352941 940 296) 
4 128 130 (964.1666666666666 904 276) (820 904 276) (820 940 276) (964.1666666666666 940 276) 
4 128 129 (820 904 276) (964.1666666666667 904 276) (913.9705882352943 904 296) (820 904 296) 
4 129 185 (820 363.52215400547954 276) (820 363.52215400547954 353.44140625) (820 899.1999999999896 353.44140625) (820 899.1999999999896 276) 
5 129 130 (1014.3627450980391 904 276) (1014.3627450980391 498.9928092488625 276) (847.2854185152313 363.52215400547954 276) (820 363.52215400547954 276) (820 904 276) 
4 130 185 (820 899.1999999999896 192) (820 363.52215400547954 192) (820 363.52215400547954 276) (820 899.1999999999896 276) 
4 130 171 (820 1216 192) (820 1109.4545454545407 192) (820 1109.4545454545419 276) (820 1216 276) 
4 130 150 (820 1420 192) (820 1370.2857142857144 192) (820 1370.2857142857144 208) (820 1420 208) 
4 130 148 (820 1262.4 192) (820 1216 192) (820 1216 200) (820 1262.4 200) 
4 130 147 (820 1370.2857142857144 192) (820 1262.4 192) (820 1262.4 200) (820 1370.2857142857144 200) 
4 130 146 (820 1216 200) (820 1216 208) (820 1262.4 208) (820 1262.4 200) 
4 130 145 (820 1262.4 208) (820 1370.2857142857144 208) (820 1370.2857142857144 200) (820 1262.4 200) 
4 130 144 (820 1216 208) (820 1216 216) (820 1299.5869767441982 216) (820 1299.5869767441982 208) 
4 130 143 (820 1299.5869767441982 216) (820 1354.1395348837295 216) (820 1354.1395348837295 208) (820 1299.5869767441982 208) 
4 130 142 (820 1354.1395348837295 216) (820 1420 216) (820 1420 208) (820 1354.1395348837295 208) 
4 130 141 (820 1216 216) (820 1216 276) (820 1420 276) (820 1420 216) 
4 130 137 (820 1800 192) (820 1420 192) (820 1420 276) (820 1800 276) 
4 130 136 (820 1800.3202247191057 192) (820 1800 192) (820 1800 276) (820 1800.3202247191057 276) 
4 131 132 (949.4282500877764 363.52215400547954 192) (1285.0785682324151 363.52215400547954 192) (1285.0785682324151 363.52215400547954 1080) (949.4282500877764 363.52215400547954 1080) 
4 132 133 (862.4865424430626 293.09090909090764 192) (1285.0785682324151 293.09090909090764 192) (1285.0785682324151 293.09090909090764 1080) (862.4865424430626 293.09090909090764 1080) 
4 133 186 (820 293.09090909090764 192) (820 0.44444444443183784 192) (820 0.44444444443251996 1080) (820 293.09090909090764 1080) 
4 134 246 (820 2168.666666666667 56) (820 0.44444444443161046 56) (820 0.44444444443161046 176) (820 2168.666666666667 176) 
4 134 245 (820 2220.553716614303 56) (820 2168.666666666667 56) (820 2168.666666666667 176) (820 2220.643728508559 176) 
4 135 191 (276 2119.458357770499 192) (276 1866.909090909095 192) (276 1866.909090909095 1080) (276 2120.124445787994 1080) 
4 136 194 (276 1800.3202247191057 192) (276 1800 192) (276 1800 1080) (276 1800.3202247191057 1080) 
4 136 140 (276 1800 1080) (276 1800 192) (506 1800 192) (506 1800 1080) 
4 136 139 (506 1800 192) (596 1800 192) (596 1800 672) (506 1800 672) 
4 136 138 (596 1800 680) (596 1800 1080) (506 1800 1080) (506 1800 680) 
4 136 137 (596 1800 192) (820 1800 192) (820 1800 1080) (596 1800 1080) 
4 137 164 (596 1420 192) (664.32 1420 192) (664.32 1420 208) (596 1420 208) 
4 137 160 (664.32 1420 208) (664.32 1420 224) (596 1420 224) (596 1420 208) 
4 137 159 (664.32 1420 224) (664.32 1420 672) (596 1420 672) (596 1420 224) 
4 137 158 (664.32 1420 672) (664.32 1420 680) (596.6731391584472 1420 680) (596.6731391584468 1420 672) 
4 137 157 (664.32 1420 680) (664.32 1420 1080) (596 1420 1080) (596 1420 680) 
4 137 156 (664.32 1420 192) (719.7142857142857 1420 192) (719.7142857142857 1420 208) (664.32 1420 208) 
4 137 153 (719.7142857142857 1420 192) (752.888888888889 1420 192) (752.888888888889 1420 208) (719.7142857142857 1420 208) 
4 137 151 (752.888888888889 1420 192) (818.0740740740741 1420 192) (818.0740740740741 1420 208) (752.888888888889 1420 208) 
4 137 150 (818.0740740740741 1420 192) (820 1420 192) (820 1420 208) (818.0740740740741 1420 208) 
4 137 142 (820 1420 208) (820 1420 216) (664.32 1420 216) (664.32 1420 208) 
4 137 141 (820 1420 216) (820 1420 1080) (664.32 1420 1080) (664.32 1420 216) 
4 137 139 (596 1800 672) (596 1800 192) (596 1420 192) (596 1420 672) 
4 137 138 (596 1800 1080) (596 1800 680) (596 1420 680) (596 1420 1080) 
4 138 169 (506.4545368419044 1420 1080) (506 1420 1080) (506 1420 680) (506.45453684195843 1420 680) 
4 138 157 (596 1420 680) (596 1420 1080) (506.4545368419044 1420 1080) (506.45453684195843 1420 680) 
4 138 140 (506 1800 1080) (506 1800 680) (506 1420 680) (506 1420 1080) 
4 139 169 (506 1420 192) (506.4545368420243 1420 192) (506.45453684195957 1420 672) (506 1420 672) 
4 139 164 (506.4545368420243 1420 192) (596 1420 192) (596 1420 208) (506.45453684202215 1420 208) 
4 139 161 (542.7555555555833 1420 224) (506.45453684202 1420 224) (506.45453684202215 1420 208) (542.7555555555834 1420 208) 
4 139 160 (596 1420 208) (596 1420 224) (542.7555555555833 1420 224) (542.7555555555834 1420 208) 
4 139 159 (596 1420 224) (596 1420 672) (506.45453684195957 1420 672) (506.45453684202 1420 224) 
4 139 140 (506 1800 672) (506 1800 192) (506 1420 192) (506 1420 672) 
4 140 218 (276 1456 192) (276 1420 192) (276 1420 496) (276 1456 496) 
4 140 213 (276 1420 496) (276 1420 520) (276 1456 520) (276 1456 496) 
4 140 209 (276 1420 520) (276 1420 536) (276 1456 536) (276 1456 520) 
4 140 203 (276 1420 536) (276 1420 544) (276 1456 544) (276 1456 536) 
4 140 199 (276 1420 544) (276 1420 792) (276 1456 792) (276 1456 544) 
4 140 195 (276 1420 792) (276 1420 1080) (276 1456 1080) (276 1456 792) 
4 140 194 (276 1800 192) (276 1456 192) (276 1456 1080) (276 1800 1080) 
4 140 169 (276 1420 1080) (276 1420 192) (506 1420 192) (506 1420 1080) 
4 141 173 (800 1216 1080) (737.7600000000001 1216 1080) (737.7600000000001 1216 216) (800 1216 216) 
4 141 171 (820 1216 216) (820 1216 1080) (800 1216 1080) (800 1216 216) 
4 141 167 (730.9527272727266 1234.909090909092 216) (737.7599999999998 1216 216) (737.7599999999998 1216 1080) (730.9527272727266 1234.909090909092 1080) 
4 141 166 (726.2399999999998 1248 216) (730.9527272727266 1234.909090909092 216) (730.9527272727266 1234.909090909092 672) (726.2399999999997 1248 672) 
4 141 165 (714.7200000000014 1279.9999999999955 216) (726.2399999999998 1248 216) (726.2399999999998 1248 224) (714.7200000000017 1279.9999999999945 224) 
4 141 160 (664.3199999999998 1420 224) (664.3199999999998 1420 216) (696.3138622493495 1331.1281604184728 216) (696.3138622493499 1331.128160418472 224) 
4 141 159 (664.3199999999997 1420 672) (664.3199999999998 1420 224) (726.2399999999998 1248 224) (726.2399999999997 1248 672) 
4 141 158 (664.3199999999997 1420 680) (664.3199999999997 1420 672) (730.9527272727266 1234.909090909092 672) (730.9527272727266 1234.909090909092 680) 
4 141 157 (664.3199999999997 1420 1080) (664.3199999999997 1420 680) (730.9527272727266 1234.909090909092 680) (730.9527272727266 1234.909090909092 1080) 
4 141 144 (820 1216 216) (737.7600000000002 1216 216) (714.72 1280.0000000000005 216) (820 1299.5869767441982 216) 
4 141 143 (744.0000000000001 1340 216) (820 1354.1395348837295 216) (820 1299.5869767441982 216) (737.8106596306072 1284.2959366754649 216) 
4 141 142 (696.3138622493481 1331.128160418478 216) (664.3200000000002 1420 216) (820 1420 216) (820 1354.1395348837295 216) 
4 142 160 (664.3199999999998 1420 216) (664.3199999999998 1420 208) (696.3138622493477 1331.128160418478 208) (696.3138622493477 1331.128160418478 216) 
3 142 156 (688.5129982668979 1352.7972270363953 208) (664.3200000000002 1420 208) (719.7142857142857 1420 208) 
3 142 154 (696.3138622493481 1331.128160418478 208) (696.0000000000001 1332 208) (744.0000000000001 1340 208) 
4 142 153 (716 1412 208) (719.7142857142857 1420 208) (752.888888888889 1420 208) (751.217391304348 1404.9565217391305 208) 
4 142 151 (752.888888888889 1420 208) (818.0740740740741 1420 208) (816 1392 208) (751.217391304348 1404.9565217391305 208) 
4 142 150 (818.0740740740741 1420 208) (820 1420 208) (820 1370.2857142857144 208) (813.6526946107784 1360.311377245509 208) 
4 142 145 (820 1370.2857142857144 208) (820 1354.1395348837295 208) (813.1004366812233 1352.8558951965144 208) (813.6526946107784 1360.311377245509 208) 
4 142 143 (744 1339.9999999999998 208) (820 1354.139534883729 208) (820 1354.1395348837295 216) (744.0000000000001 1340.0000000000002 216) 
3 143 146 (801.2758782201355 1296.1034192037562 208) (768.9680575539614 1290.092661870511 208) (788 1320.0000000000002 208) 
4 143 145 (813.1004366812233 1352.8558951965144 208) (820 1354.1395348837295 208) (820 1299.5869767441982 208) (809.0030393013109 1297.5410305676967 208) 
4 143 144 (737.8106596306071 1284.2959366754644 208) (820 1299.5869767441977 208) (820 1299.5869767441984 216) (737.8106596306072 1284.295936675465 216) 
4 144 173 (800 1216 216) (737.7600000000001 1216 216) (737.7600000000001 1216 208) (800 1216 208) 
4 144 171 (820 1216 208) (820 1216 216) (800 1216 216) (800 1216 208) 
4 144 167 (730.9527272727266 1234.909090909092 208) (737.7599999999998 1216 208) (737.7599999999998 1216 216) (730.9527272727266 1234.909090909092 216) 
4 144 166 (726.2399999999998 1248 208) (730.9527272727266 1234.909090909092 208) (730.9527272727266 1234.909090909092 216) (726.2399999999998 1248 216) 
4 144 165 (714.7199999999997 1280.0000000000002 208) (726.2399999999998 1248 208) (726.2399999999998 1248 216) (714.7199999999997 1280.0000000000002 216) 
3 144 155 (732.0000000000001 1232.0000000000002 208) (714.72 1280.0000000000005 208) (737.8106596306073 1284.2959366754649 208) 
3 144 152 (732.0000000000001 1232.0000000000002 208) (737.7777777777779 1283.9999999999998 208) (759.0691163604549 1274.5371828521434 208) 
4 144 149 (789.5975975976023 1216 208) (737.7600000000002 1216 208) (732.0000000000001 1232.0000000000002 208) (758.8689687518347 1274.2226651814547 208) 
6 144 146 (820 1216 208) (789.5975975976023 1216 208) (758.8689687518347 1274.2226651814547 208) (768.9680575539614 1290.092661870511 208) (801.2758782201355 1296.1034192037562 208) (820 1262.4 208) 
4 144 145 (809.0030393013109 1297.5410305676967 208) (820 1299.5869767441982 208) (820 1262.4 208) (808 1284 208) 
4 145 150 (813.6526946107787 1360.31137724551 208) (820 1370.285714285715 208) (820 1370.285714285715 200) (813.6526946107787 1360.31137724551 200) 
4 145 147 (813.6526946107782 1360.3113772455056 200) (820 1370.2857142857113 200) (820 1262.4 200) (808.0000000000001 1284 200) 
4 145 146 (808.0000000000001 1284.0000000000007 200) (820 1262.4000000000008 200) (820 1262.4000000000008 208) (808.0000000000001 1284.0000000000007 208) 
4 146 173 (800 1216 208) (789.5975975976024 1216 208) (789.5975975976024 1216 200) (800 1216 200) 
4 146 171 (820 1216 200) (820 1216 208) (800 1216 208) (800 1216 200) 
4 146 152 (758.8689687518346 1274.2226651814549 208) (759.0691163604546 1274.5371828521436 208) (759.0691163604546 1274.5371828521434 200) (758.8689687518346 1274.2226651814549 200) 
4 146 149 (758.8689687518345 1274.2226651814544 208) (758.8689687518345 1274.2226651814544 200) (789.5975975976016 1216 200) (789.5975975976016 1216 208) 
5 146 148 (820 1216 200) (789.5975975976025 1216 200) (768.4864864864911 1256 200) (808 1284.0000000000002 200) (820 1262.4 200) 
4 147 150 (820 1370.285714285715 200) (820 1370.285714285715 192) (813.6526946107787 1360.31137724551 192) (813.6526946107787 1360.31137724551 200) 
4 147 148 (820 1262.400000000001 200) (808.0000000000001 1284.0000000000007 200) (808.0000000000001 1284.0000000000007 192) (820 1262.400000000001 192) 
4 148 173 (789.5975975976024 1216 192) (800 1216 192) (800 1216 200) (789.5975975976024 1216 200) 
4 148 171 (800 1216 192) (820 1216 192) (820 1216 200) (800 1216 200) 
4 148 149 (768.486486486491 1255.9999999999998 192) (789.5975975976016 1216 192) (789.5975975976016 1216 200) (768.486486486491 1255.9999999999998 200) 
4 149 173 (737.7600000000001 1216 192) (789.5975975976024 1216 192) (789.5975975976024 1216 208) (737.7600000000001 1216 208) 
4 149 167 (732 1231.9999999999993 192) (737.7599999999998 1216 192) (737.7599999999998 1216 208) (732 1231.9999999999993 208) 
4 149 152 (732.0000000000005 1232.0000000000014 192) (732.0000000000005 1232.0000000000014 208) (758.8689687518346 1274.2226651814549 208) (758.8689687518346 1274.2226651814549 192) 
4 150 151 (816 1392 208) (818.074074074074 1420 208) (818.074074074074 1420 192) (816 1392 192) 
4 151 153 (751.2173913043479 1404.9565217391305 208) (752.8888888888889 1420 208) (752.8888888888889 1420 192) (751.2173913043479 1404.9565217391305 192) 
4 152 155 (732.0000000000001 1232.000000000001 192) (732.0000000000001 1232.000000000001 208) (737.7777777777777 1283.9999999999998 208) (737.7777777777777 1283.9999999999998 192) 
4 153 156 (716.0000000000002 1412 208) (719.714285714286 1420 208) (719.714285714286 1420 192) (716.0000000000002 1412 192) 
4 154 162 (695.9999999999998 1332 192) (696.3138622493476 1331.128160418478 192) (696.3138622493476 1331.128160418478 208) (695.9999999999998 1332 208) 
4 155 167 (730.9527272727266 1234.909090909092 192) (732 1231.9999999999993 192) (732 1231.9999999999993 208) (730.9527272727266 1234.909090909092 208) 
4 155 166 (726.2399999999998 1248 192) (730.9527272727266 1234.909090909092 192) (730.9527272727266 1234.909090909092 208) (726.2399999999998 1248 208) 
4 155 165 (714.7199999999997 1280.0000000000002 192) (726.2399999999998 1248 192) (726.2399999999998 1248 208) (714.7199999999997 1280.0000000000002 208) 
4 156 164 (664.3199999999998 1420 208) (664.3199999999998 1420 192) (688.5129982668976 1352.7972270363948 192) (688.5129982668976 1352.7972270363948 208) 
4 157 169 (506.45453684190414 1420 1080) (506.45453684195815 1420 680) (450.37982447879415 1234.909090909092 680) (450.37982447874015 1234.909090909092 1080) 
4 157 168 (467.34545454545525 1234.909090909092 680) (628.1212121212108 1234.909090909092 680) (628.1212121212108 1234.909090909092 772) (467.3454545454552 1234.909090909092 772) 
4 157 167 (655.9999999999926 1234.909090909092 680) (730.9527272727266 1234.909090909092 680) (730.9527272727266 1234.909090909092 1080) (656.0000000000001 1234.909090909092 1080) 
4 157 158 (730.9527272727273 1234.909090909092 680) (648.0814080265985 1234.909090909092 680) (596.6731391584472 1420 680) (664.3200000000003 1420 680) 
4 158 167 (655.9999999999927 1234.909090909092 672) (730.9527272727266 1234.909090909092 672) (730.9527272727266 1234.909090909092 680) (655.9999999999925 1234.909090909092 680) 
4 158 166 (730.9527272727273 1234.909090909092 672) (648.0814080265983 1234.909090909092 672) (644.4454597372991 1248 672) (726.2400000000004 1248 672) 
4 158 159 (644.4454597372991 1248 672) (596.6731391584468 1420 672) (664.3200000000003 1420 672) (726.2400000000004 1248 672) 
4 159 169 (506.4545368419592 1420 672) (506.4545368420197 1420 224) (454.3458159230085 1248 224) (454.345815922948 1248 672) 
4 159 166 (726.2399999999998 1248 224) (726.2399999999998 1248 672) (642.5631067961223 1248 672) (642.5631067960933 1248 224) 
3 159 165 (726.2399999999998 1248 224) (681.5010889536129 1248 224) (714.7200000000017 1279.9999999999945 224) 
5 159 161 (681.5010889536129 1248 224) (454.34581592300856 1248 224) (506.45453684201965 1420 224) (542.7555555555837 1420 224) (699.2572493879037 1265.104628538357 224) 
4 159 160 (542.7555555555837 1420 224) (664.3199999999999 1420 224) (696.31386224935 1331.128160418472 224) (664.0000000000014 1299.9999999999986 224) 
4 160 164 (664.0000000000001 1300 208) (542.7555555555836 1420 208) (664.3199999999999 1420 208) (688.5129982668976 1352.797227036395 208) 
3 160 162 (664.0000000000001 1300 208) (695.9999999999999 1331.9999999999998 208) (696.3138622493493 1331.1281604184737 208) 
4 160 161 (542.7555555555844 1420 208) (664.0000000000003 1300.0000000000005 208) (664.0000000000018 1299.999999999999 224) (542.7555555555842 1420 224) 
4 161 169 (506.4545368420197 1420 224) (506.45453684202187 1420 208) (454.34581592301066 1248 208) (454.3458159230085 1248 224) 
4 161 166 (681.5010889536129 1248 224) (642.5631067960934 1248 224) (642.5631067960924 1248 208) (681.5010889536102 1248 208) 
4 161 165 (699.2572493879035 1265.1046285383575 224) (681.5010889536125 1248 224) (681.5010889536097 1248 208) (699.2572493879021 1265.1046285383586 208) 
5 161 164 (639.8571428571429 1248 208) (454.34581592301106 1248 208) (506.45453684202215 1420 208) (542.7555555555836 1420 208) (664.0000000000001 1300 208) 
4 161 163 (699.2572493879026 1265.1046285383584 208) (681.5010889536106 1248 208) (639.8571428571429 1248 208) (664.0000000000001 1300 208) 
4 163 166 (642.5631067960915 1248 192) (681.5010889536075 1248 192) (681.5010889536102 1248 208) (642.5631067960924 1248 208) 
4 163 165 (699.2572493879021 1265.1046285383586 208) (681.5010889536097 1248 208) (681.501088953607 1248 192) (699.2572493879009 1265.1046285383602 192) 
4 163 164 (639.8571428571428 1248 192) (639.8571428571428 1248 208) (663.9999999999999 1299.9999999999998 208) (663.9999999999999 1299.9999999999998 192) 
4 164 169 (506.45453684202187 1420 208) (506.454536842024 1420 192) (454.3458159230128 1248 192) (454.34581592301066 1248 208) 
4 165 166 (726.2399999999998 1248 192) (726.2399999999998 1248 224) (681.5010889536129 1248 224) (681.5010889536075 1248 192) 
4 166 167 (655.9999999999836 1234.909090909092 192) (730.9527272727266 1234.909090909092 192) (730.9527272727266 1234.909090909092 672) (655.9999999999925 1234.909090909092 672) 
4 167 173 (680.7188405796965 1216 192) (737.7600000000001 1216 192) (737.7600000000001 1216 1080) (680.718840579713 1216 1080) 
4 168 176 (444.6511701705607 1216 772) (444.65117017057315 1216 680) (488 1216 680) (488 1216 772) 
4 168 175 (488 1216 680) (612 1216 680) (612 1216 772) (488 1216 772) 
4 168 174 (612 1216 680) (653.3333333333333 1216 680) (653.3333333333333 1216 772) (612 1216 772) 
4 169 218 (276 1420 192) (276 1234.909090909092 192) (276 1234.909090909092 496) (276 1420 496) 
4 169 213 (276 1234.909090909092 496) (276 1234.909090909092 520) (276 1420 520) (276 1420 496) 
4 169 209 (276 1234.909090909092 520) (276 1234.909090909092 536) (276 1420 536) (276 1420 520) 
4 169 203 (276 1234.909090909092 536) (276 1234.909090909092 544) (276 1420 544) (276 1420 536) 
3 169 202 (276 1234.909090909092 544) (276 1234.909090909092 583.6327632763273) (276 1360 544) 
3 169 200 (276 1234.909090909092 583.6327632763273) (276 1234.909090909092 620.7884788478842) (276 1360 544) 
5 169 199 (276 1234.909090909092 620.7884788478842) (276 1234.909090909092 792) (276 1420 792) (276 1420 544) (276 1360 544) 
4 169 195 (276 1234.909090909092 792) (276 1234.909090909092 1080) (276 1420 1080) (276 1420 792) 
4 169 170 (276 1234.909090909092 1080) (276 1234.909090909092 192) (432 1234.909090909092 192) (431.99999999999966 1234.909090909092 1080) 
4 170 218 (276 1234.909090909092 192) (276 1216 192) (276 1216 496) (276 1234.909090909092 496) 
4 170 213 (276 1216 496) (276 1216 520) (276 1234.909090909092 520) (276 1234.909090909092 496) 
4 170 209 (276 1216 520) (276 1216 536) (276 1234.909090909092 536) (276 1234.909090909092 520) 
4 170 203 (276 1216 536) (276 1216 544) (276 1234.909090909092 544) (276 1234.909090909092 536) 
4 170 202 (276 1216 544) (276 1216 589.6237623762377) (276 1234.909090909092 583.6327632763273) (276 1234.909090909092 544) 
4 170 200 (276 1216 589.6237623762377) (276 1216 632.3960396039605) (276 1234.909090909092 620.7884788478842) (276 1234.909090909092 583.6327632763273) 
4 170 199 (276 1216 632.3960396039605) (276 1216 792) (276 1234.909090909092 792) (276 1234.909090909092 620.7884788478842) 
4 170 195 (276 1216 792) (276 1216 1080) (276 1234.909090909092 1080) (276 1234.909090909092 792) 
4 170 187 (276 1216 1080) (276 1216 192) (296 1216 192) (296 1216 1080) 
4 170 172 (296 1216 192) (409.0198300283257 1216 192) (409.0198300283254 1216 1080) (296 1216 1080) 
4 171 173 (800 1216 1080) (800 1216 192) (800 1124.7538802660697 192) (800 1124.7538802660827 1080) 
4 172 187 (296 1216 1080) (296 1216 192) (296 1123.0023310023403 192) (296 1123.0023310023405 1080) 
5 174 180 (800 944 664) (800 908.8000000000001 664) (656 808 664) (612 808 664) (612 944 664) 
4 174 178 (800 1068 664) (800 944 664) (612 944 664) (612 1068 664) 
5 174 177 (612 1216 664) (653.3333333333334 1216 664) (800 1106 664) (800 1068 664) (612 1068 664) 
4 174 175 (612 1216 1080) (612 1216 680) (612 808 680) (612 808 1080) 
4 175 176 (488 1216 1080) (488 1216 680) (488 808 680) (488 808 1080) 
5 176 180 (488 944 664) (488 808 664) (448.53333333333353 808 664) (296 912.0000000000001 664) (296 944 664) 
4 176 178 (488 1068 664) (488 944 664) (296 944 664) (296 1068 664) 
5 176 177 (296 1092.142448730024 664) (444.65117017056843 1216 664) (488 1216 664) (488 1068 664) (296 1068 664) 
4 177 179 (800 1068 192) (800 1068 444) (296 1068 444) (296 1068 192) 
4 177 178 (800 1068 460) (800 1068 664) (296 1068 664) (296 1068 460) 
4 178 188 (296 1068 576) (296 1068 484) (296 956 484) (296 956 576) 
4 178 180 (800 944 460) (800 944 664) (296 944 664) (296 944 460) 
4 179 180 (800 944 192) (800 944 444) (296 944 444) (296 944 192) 
4 181 184 (553.6315789473688 736.3421052631577 192) (627.4285714285721 788 192) (627.4285714285721 788 1080) (553.6315789473688 736.3421052631577 1080) 
4 181 183 (477.8666666666666 788 192) (553.631578947368 736.3421052631581 192) (553.631578947368 736.3421052631581 1080) (477.8666666666666 788 1080) 
4 182 189 (296 887.5848797250976 192) (296 788 192) (296 788 1080) (296 887.5848797250976 1080) 
4 182 183 (296 788 1080) (296 788 192) (442.28571428573196 788 192) (442.28571428573207 788 1080) 
4 183 189 (296 788 192) (296 556.0000000000001 192) (296 556 1080) (296 788 1080) 
4 183 184 (296 555.9999999999995 1080) (296 555.9999999999995 192) (553.6315789473688 736.3421052631577 192) (553.6315789473688 736.3421052631577 1080) 
4 184 189 (296 556.0000000000001 192) (296 532.729559748452 192) (296 532.7295597484517 1080) (296 556 1080) 
4 184 185 (296 532.7295597484517 1080) (296 532.7295597484517 192) (661.0000000000002 788 192) (661.0000000000002 788 1080) 
4 185 189 (296 532.729559748452 192) (296 363.52215400547954 192) (296 363.52215400547954 1080) (296 532.7295597484517 1080) 
4 186 190 (296 293.09090909090764 192) (296 88.79564879562469 192) (296 88.79564879562531 1080) (296 293.09090909090764 1080) 
4 187 218 (276 1216 192) (276 1106.545454545465 192) (276 1106.5454545454652 496) (276 1216 496) 
4 187 213 (276 1106.5454545454652 496) (276 1106.5454545454652 520) (276 1216 520) (276 1216 496) 
4 187 209 (276 1106.5454545454652 520) (276 1106.5454545454652 536) (276 1216 536) (276 1216 520) 
4 187 203 (276 1106.5454545454652 536) (276 1106.5454545454652 544) (276 1216 544) (276 1216 536) 
4 187 202 (276 1106.5454545454652 544) (276 1106.5454545454652 624.3024302430209) (276 1216 589.6237623762377) (276 1216 544) 
4 187 200 (276 1106.5454545454652 624.3024302430209) (276 1106.5454545454652 699.5859585958532) (276 1216 632.3960396039605) (276 1216 589.6237623762377) 
4 187 199 (276 1106.5454545454652 699.5859585958532) (276 1106.5454545454652 792) (276 1216 792) (276 1216 632.3960396039605) 
4 187 195 (276 1106.5454545454652 792) (276 1106.5454545454654 1080) (276 1216 1080) (276 1216 792) 
4 188 218 (276 956 484) (276 956 496) (276 1068 496) (276 1068 484) 
4 188 213 (276 956 496) (276 956 520) (276 1068 520) (276 1068 496) 
4 188 209 (276 956 520) (276 956 536) (276 1068 536) (276 1068 520) 
4 188 203 (276 956 536) (276 956 544) (276 1068 544) (276 1068 536) 
4 188 202 (276 956 544) (276 956 576) (276 1068 576) (276 1068 544) 
4 189 218 (276 901.2000000000116 192) (276 363.52215400547954 192) (276 363.52215400547954 496) (276 901.2000000000116 496) 
4 189 213 (276 363.52215400547954 496) (276 363.52215400547954 520) (276 901.2000000000116 520) (276 901.2000000000116 496) 
4 189 209 (276 363.52215400547954 520) (276 363.52215400547954 536) (276 901.2000000000116 536) (276 901.2000000000116 520) 
4 189 207 (276 363.52215400547954 536) (276 363.52215400547954 792) (276 901.2000000000116 792) (276 901.2000000000116 536) 
4 189 197 (276 363.52215400547954 792) (276 363.52215400547954 1080) (276 800 1080) (276 800 792) 
4 189 196 (276 800 1080) (276 901.2000000000116 1080) (276 901.2000000000116 804) (276 800 804) 
4 190 239 (276 231.2271183616613 192) (276 92.16783216780763 192) (276 92.16783216780823 1080) (276 231.22711836166133 1080) 
4 190 238 (276 293.09090909090764 192) (276 231.2271183616613 192) (276 231.22711836166133 1080) (276 293.09090909090764 1080) 
4 191 236 (-384 1866.909090909095 192) (-308 1866.909090909095 192) (-308 1866.909090909095 1080) (-384 1866.909090909095 1080) 
4 191 223 (-308 1866.909090909095 192) (-0 1866.909090909095 192) (-0 1866.909090909095 1080) (-308 1866.909090909095 1080) 
4 191 193 (-0 1866.909090909095 192) (166.2750665483585 1866.909090909095 192) (166.2750665483585 1866.909090909095 1080) (-0 1866.909090909095 1080) 
4 191 192 (-384 1968 192) (-384 1866.909090909095 192) (-384 1866.909090909095 1080) (-384 1968 1080) 
4 192 248 (-480 1866.909090909095 192) (-480 1952 192) (-400 1965.3333333333333 192) (-400 1866.909090909095 192) 
4 192 243 (-480 1920 192) (-480 1866.909090909095 192) (-480 1866.909090909095 354.94703347696304) (-480 1920 354.94703347696304) 
4 192 242 (-480 1866.909090909095 354.94703347696304) (-480 1866.909090909095 448) (-480 1920 448) (-480 1920 354.94703347696304) 
4 192 241 (-480 1866.909090909095 523.0000000000001) (-480 1866.909090909095 1080) (-480 1920 1080) (-480 1920 523.0000000000001) 
4 192 236 (-480 1866.909090909095 1080) (-480 1866.909090909095 192) (-384 1866.909090909095 192) (-384 1866.909090909095 1080) 
4 193 223 (0 1866.909090909095 1080) (0 1866.909090909095 192) (0 1708.4291803438903 192) (0 1708.4291803438903 1080) 
3 194 227 (0 1587.2 192) (0 1456 192) (0 1456 246.66666666666666) 
3 194 225 (0 1472 240) (0 1456 246.66666666666666) (0 1456 250.93333333333334) 
6 194 224 (0 1602.7217734570856 192) (0 1587.2 192) (0 1472 240) (0 1456 250.93333333333334) (0 1456 1080) (0 1602.7217734570856 1080) 
4 194 220 (0 1456 448) (0 1456 192) (64 1456 192) (64 1456 448) 
4 194 218 (64 1456 192) (276 1456 192) (276 1456 496) (64 1456 496) 
4 194 216 (0 1456 504) (0 1456 496) (52 1456 496) (52 1456 504) 
4 194 215 (0 1456 512) (0 1456 504) (60 1456 504) (60 1456 512) 
4 194 214 (0 1456 520) (0 1456 512) (72 1456 512) (72 1456 520) 
4 194 213 (176 1456 496) (276 1456 496) (276 1456 520) (176 1456 520) 
4 194 211 (0 1456 536) (0 1456 520) (84 1456 520) (84 1456 536) 
4 194 210 (92 1456 528) (92 1456 536) (84 1456 536) (84 1456 528) 
4 194 209 (176 1456 520) (276 1456 520) (276 1456 536) (176 1456 536) 
4 194 205 (0 1456 544) (0 1456 536) (100 1456 536) (100 1456 544) 
4 194 203 (176 1456 536) (276 1456 536) (276 1456 544) (176 1456 544) 
4 194 199 (0 1456 792) (0 1456 544) (276 1456 544) (276 1456 792) 
4 194 198 (0 1456 1080) (0 1456 792) (236 1456 792) (236 1456 1080) 
4 194 195 (236 1456 792) (276 1456 792) (276 1456 1080) (236 1456 1080) 
4 195 199 (236 1456 792) (276 1456 792) (276 1100 792) (236 1100 792) 
4 195 198 (236 1456 1080) (236 1456 792) (236 1100 792) (236 1100 1080) 
4 195 196 (236 1100 1080) (236 1100 804) (276 1100 804) (276 1100 1080) 
4 196 198 (236 800 804) (236 800 1080) (236 1100 1080) (236 1100 804) 
4 196 197 (236 800 1080) (236 800 804) (276 800 804) (276 800 1080) 
4 197 207 (276 800 792) (276 363.52215400547954 792) (236 363.52215400547954 792) (236 800 792) 
4 197 198 (236 800 792) (236 363.52215400547954 792) (236 363.52215400547954 1080) (236 800 1080) 
4 198 235 (0 534.5382632601824 792) (0 534.5382632601825 1080) (0 1168 1080) (0 1168 792) 
4 198 228 (0 1168 1080) (0 1232 1080) (0 1232 792) (0 1168 792) 
4 198 224 (0 1232 1080) (0 1456 1080) (0 1456 792) (0 1232 792) 
4 198 208 (104 452.40257604626254 792) (0 534.5382632601813 792) (0 956 792) (104 956 792) 
5 198 207 (216.5401662272208 363.52215400547954 792) (104 452.40257604626254 792) (104 908 792) (236 908 792) (236 363.52215400547954 792) 
4 198 199 (0 956 792) (-0 1456 792) (236 1456 792) (236 956 792) 
3 199 235 (0 956 792) (0 1168 792) (0 1168 661.8613861386137) 
4 199 228 (0 1168 792) (0 1232 792) (0 1232 622.5742574257424) (0 1168 661.8613861386137) 
5 199 224 (0 1232 792) (0 1456 792) (0 1456 544) (0 1359.9999999999998 544) (0 1232 622.5742574257424) 
4 199 205 (0 1359.9999999999998 544) (-0 1456 544) (100 1456 544) (100 1359.9999999999998 544) 
4 199 203 (176 1456 544) (276 1456 544) (276 1359.9999999999998 544) (176 1359.9999999999998 544) 
4 199 201 (103.99999999999999 956 792) (-0 956 792) (-0 1360 543.9999999999998) (107.99999999999997 1360 543.9999999999998) 
4 199 200 (276 956 792) (164.00000000000006 956 792) (168 1360 543.9999999999998) (276 1360 543.9999999999998) 
4 200 206 (276 956 672) (276 956 788) (164.00000000000006 956 788) (164.00000000000003 956 672) 
4 200 202 (276 956 672) (164.00000000000006 956 672) (168 1360 544) (276 1360 544) 
4 201 235 (0 956 792) (0 1168 661.8613861386137) (0 1168 604.8316831683168) (0 956 672) 
4 201 228 (0 1168 661.8613861386137) (0 1232 622.5742574257424) (0 1232 584.5544554455445) (0 1168 604.8316831683168) 
3 201 224 (0 1232 622.5742574257424) (0 1359.9999999999998 544) (0 1232 584.5544554455445) 
4 201 208 (103.99999999999999 956 792) (-0 956 792) (0 956 672) (103.99999999999999 956 672) 
4 201 202 (103.99999999999999 956 672) (-0 956 672) (-0 1360 544) (107.99999999999997 1360 544) 
4 202 235 (0 1168 544) (0 956 544) (0 956 672) (0 1168 604.8316831683168) 
4 202 228 (0 1232 544) (0 1168 544) (0 1168 604.8316831683168) (0 1232 584.5544554455445) 
3 202 224 (0 1359.9999999999998 544) (0 1232 544) (0 1232 584.5544554455445) 
4 202 208 (104 956 672) (0 956 672) (0 956 544) (104 956 544) 
4 202 206 (276 956 544) (276 956 672) (104 956 672) (104 956 544) 
4 202 205 (100 956 544) (-0 956 544) (0 1359.9999999999998 544) (100 1359.9999999999998 544) 
4 202 204 (176 956 544) (100 956 544) (100 1348 544) (176 1348 544) 
4 202 203 (276 956 544) (176 956 544) (176 1359.9999999999998 544) (276 1359.9999999999998 544) 
4 203 209 (176 1456 536) (276 1456 536) (276 956 536) (176 956 536) 
4 203 206 (176 956 536) (276 956 536) (276 956 544) (176 956 544) 
4 203 204 (176 1348 536) (176 956 536) (176 956 544) (176 1348 544) 
4 204 212 (176 1348 536) (176 956 536) (100 956 536) (100 1348 536) 
4 204 208 (100 956 536) (104 956 536) (104 956 544) (100 956 544) 
4 204 206 (104 956 536) (176 956 536) (176 956 544) (104 956 544) 
4 204 205 (100 1348 536) (100 956 536) (100 956 544) (100 1348 544) 
4 205 235 (0 1168 536) (0 956 536) (0 956 544) (0 1168 544) 
4 205 228 (0 1232 536) (0 1168 536) (0 1168 544) (0 1232 544) 
4 205 224 (0 1456 544) (0 1456 536) (0 1232 536) (0 1232 544) 
4 205 212 (0 956 536) (0 1348 536) (100 1348 536) (100 956 536) 
4 205 211 (0 1348 536) (-0 1456 536) (84 1456 536) (84 1348 536) 
4 205 210 (84 1456 536) (92 1456 536) (92 1348 536) (84 1348 536) 
4 205 208 (-0 956 536) (100 956 536) (100 956 544) (0 956 544) 
4 206 212 (104 908 536) (104 956 536) (176 956 536) (176 908 536) 
4 206 209 (176 956 536) (276 956 536) (276 908 536) (176 908 536) 
4 206 208 (104 956 788) (104 956 536) (104 908 536) (104 908 788) 
4 206 207 (104 908 788) (104 908 536) (276 908 536) (276 908 788) 
4 207 212 (176 395.539407975088 536) (104 452.40257604626254 536) (104 908 536) (176 908 536) 
5 207 209 (216.5401662272208 363.52215400547954 536) (176 395.539407975088 536) (176 908 536) (276 908 536) (276 363.52215400547954 536) 
4 207 208 (104 908 536) (104 452.40257604626305 536) (104 452.4025760462631 792) (104 908 792) 
4 208 235 (0 534.5382632601824 536) (0 534.5382632601824 792) (0 956 792) (0 956 536) 
4 208 212 (104 452.40257604626254 536) (0 534.5382632601813 536) (0 956 536) (104 956 536) 
5 209 213 (216.5401662272208 363.52215400547954 520) (176 395.539407975088 520) (176 1456 520) (276 1456 520) (276 363.52215400547954 520) 
4 209 212 (176 1348 520) (176 395.5394079750888 520) (176 395.5394079750895 536) (176 1348 536) 
4 210 212 (92 1348 528) (92 1348 536) (84 1348 536) (84 1348 528) 
4 210 211 (84 1348 528) (84 1348 536) (84 1456 536) (84 1456 528) 
4 211 224 (0 1348 536) (0 1456 536) (0 1456 520) (0 1348 520) 
4 211 214 (0 1348 520) (-0 1456 520) (72 1456 520) (72 1348 520) 
4 211 212 (-0 1348 520) (84 1348 520) (84 1348 536) (-0 1348 536) 
4 212 235 (0 534.5382632601824 520) (0 534.5382632601824 536) (0 1168 536) (0 1168 520) 
4 212 228 (0 1168 536) (0 1232 536) (0 1232 520) (0 1168 520) 
4 212 224 (0 1232 536) (0 1348 536) (0 1348 520) (0 1232 520) 
4 212 217 (176 395.539407975088 520) (0 534.5382632601813 520) (0 1348 520) (176 1348 520) 
5 213 218 (216.5401662272208 363.52215400547954 496) (176 395.539407975088 496) (176 1456 496) (276 1456 496) (276 363.52215400547954 496) 
4 213 217 (176 1348 496) (176 395.5394079750888 496) (176 395.5394079750895 520) (176 1348 520) 
4 214 224 (0 1348 520) (0 1456 520) (0 1456 512) (0 1348 512) 
4 214 217 (72 1348 520) (-0 1348 520) (0 1348 512) (72 1348 512) 
4 214 215 (60 1348 512) (-0 1348 512) (-0 1456 512) (60 1456 512) 
4 215 224 (0 1456 512) (0 1456 504) (0 1348 504) (0 1348 512) 
4 215 217 (60 1348 512) (0 1348 512) (0 1348 504) (60 1348 504) 
4 215 216 (52 1348 504) (-0 1348 504) (-0 1456 504) (52 1456 504) 
4 216 224 (0 1456 504) (0 1456 496) (0 1348 496) (0 1348 504) 
4 216 217 (-0 1348 496) (52 1348 496) (52 1348 504) (0 1348 504) 
4 217 235 (0 534.5382632601824 496) (0 534.5382632601824 520) (0 1168 520) (0 1168 496) 
4 217 228 (0 1168 520) (0 1232 520) (0 1232 496) (0 1168 496) 
4 217 224 (0 1232 520) (0 1348 520) (0 1348 496) (0 1232 496) 
4 217 219 (64 483.99322497469285 496) (0 534.5382632601813 496) (0 1168 496) (64 1168 496) 
4 217 218 (176 395.539407975088 496) (64 483.99322497469285 496) (64 1348 496) (176 1348 496) 
4 218 222 (64 483.9932249746926 192) (64 483.99322497469257 448) (64 1328 448) (64 1328 192) 
4 218 221 (64 1392 240) (64 1392 192) (64 1328 192) (64 1328 240) 
4 218 220 (64 1392 448) (64 1456 448) (64 1456 192) (64 1392 192) 
4 218 219 (64 483.99322497469257 448) (64 483.99322497469257 496) (64 1168 496) (64 1168 448) 
4 219 235 (0 534.5382632601824 448) (0 534.5382632601824 496) (0 1168 496) (0 1168 448) 
4 219 222 (0 534.5382632601813 448) (0 1168 448) (64 1168 448) (64 483.9932249746937 448) 
4 220 227 (0 1456 192) (0 1392 192) (0 1392 273.3333333333335) (0 1456 246.66666666666666) 
4 220 225 (0 1392 273.3333333333335) (0 1392 294.6666666666667) (0 1456 250.93333333333334) (0 1456 246.66666666666666) 
4 220 224 (0 1392 294.6666666666667) (0 1392 448) (0 1456 448) (0 1456 250.93333333333334) 
4 220 221 (64 1392 192) (64 1392 240) (0 1392 240) (0 1392 192) 
4 221 227 (0 1392 192) (0 1328 192) (0 1328 240) (0 1392 240) 
4 221 222 (64 1328 192) (64 1328 240) (0 1328 240) (0 1328 192) 
4 222 235 (0 1168 192) (0 534.5382632601824 192) (0 534.5382632601824 448) (0 1168 448) 
4 222 228 (0 1232 192) (0 1168 192) (0 1168 448) (0 1232 448) 
4 222 227 (0 1328 192) (0 1232 192) (0 1232 340) (0 1328 300) 
4 222 225 (0 1232 340) (0 1232 403.9999999999998) (0 1328 338.3999999999999) (0 1328 300) 
4 222 224 (0 1232 403.9999999999998) (0 1232 448) (0 1328 448) (0 1328 338.3999999999999) 
4 223 236 (-308 1866.909090909095 1080) (-308 1866.909090909095 192) (-308 1414.8685553665614 192) (-308 1414.8685553665614 1080) 
4 224 234 (-160 1232 1080) (-247.19550428867205 1232 1080) (-247.19550428867205 1232 403.9999999999999) (-160 1232 403.9999999999999) 
4 224 232 (-96 1232 1080) (-160 1232 1080) (-160 1232 403.9999999999999) (-96 1232 403.9999999999999) 
4 224 230 (-0.3478260869645453 1232 1080) (-96 1232 1080) (-96 1232 403.9999999999999) (-0.3478260869645453 1232 491.9999999999926) 
3 224 229 (-96 1232 403.9999999999999) (-0.3478260869645453 1232 403.9999999999999) (-0.3478260869645453 1232 491.9999999999926) 
4 224 228 (0 1232 403.9999999999999) (0 1232 1080) (-0.3478260869645453 1232 1080) (-0.3478260869645453 1232 403.9999999999999) 
4 224 227 (-16.082668292768943 1587.2 192) (0 1587.2 192) (0 1471.9999999999993 240.00000000000026) (-135.44553571570665 1471.9999999999998 240.00000000000014) 
4 224 226 (-160 1232 404) (-247.19550428867205 1232 404) (-247.19550428867205 1364.147393426879 313.6992811582993) (-144.5882575118221 1463.1761373226684 246.02963949617654) 
4 224 225 (-0 1232 404) (-95.99999999999999 1232 404) (-79.99999999999999 1472 240) (-0 1472 240) 
4 225 229 (-0.3478260869645453 1232 403.9999999999999) (-96.00000000000016 1232 403.9999999999999) (-96 1232 340) (-0.3478260869645453 1232 340) 
4 225 228 (0 1232 340) (0 1232 403.9999999999999) (-0.3478260869645453 1232 403.9999999999999) (-0.3478260869645453 1232 340) 
4 225 227 (-0 1232 340) (-160.00000000000009 1232 340) (-80.0000000000002 1471.9999999999995 240.00000000000017) (0 1471.9999999999993 240.00000000000026) 
4 226 234 (-160 1232 403.9999999999999) (-247.19550428867205 1232 403.9999999999999) (-247.19550428867205 1232 340) (-160.0000000000001 1232 340) 
4 226 227 (-160.00000000000009 1232 340) (-247.19550428867205 1232 340) (-247.19550428867205 1364.147393426879 284.9385860721337) (-144.5882575118221 1463.1761373226684 243.6766094488882) 
4 227 234 (-247.19550428867205 1232 192) (-160 1232 192) (-160 1232 340) (-247.19550428867205 1232 340) 
4 227 233 (-160 1232 192) (-96 1232 192) (-96 1232 240) (-160 1232 240) 
4 227 229 (-96 1232 192) (-0.3478260869645453 1232 192) (-0.3478260869645453 1232 340) (-96 1232 340) 
4 227 228 (-0.3478260869645453 1232 192) (0 1232 192) (0 1232 340) (-0.3478260869645453 1232 340) 
4 228 235 (-0.3478260869645453 1168 192) (0 1168 192) (0 1168 1080) (-0.3478260869645453 1168 1080) 
3 228 231 (-0.3478260869645453 1170.782608695657 430.78260869564986) (-0.3478260869645453 1168 427.9999999999927) (-0.3478260869645453 1168 430.78260869564986) 
4 228 230 (-0.3478260869645453 1232 1080) (-0.3478260869645453 1232 491.9999999999927) (-0.3478260869645453 1168 491.9999999999927) (-0.3478260869645453 1168 1080) 
4 228 229 (-0.3478260869645453 1232 491.9999999999927) (-0.3478260869645453 1232 192) (-0.3478260869645453 1168 192) (-0.3478260869645453 1168 427.9999999999927) 
4 229 235 (-96 1168 192) (-0.3478260869645453 1168 192) (-0.3478260869645453 1168 427.9999999999927) (-96 1168 340) 
4 229 233 (-96 1232 240) (-96 1232 192) (-96 1168 192) (-96 1168 240) 
4 229 231 (-96 1232 403.9999999999991) (-96 1168 339.9999999999991) (-0.3478260869645453 1168 427.9999999999927) (-0.3478260869645453 1170.7826086956572 430.78260869564986) 
4 230 235 (-0.3478260869645453 1168 491.9999999999927) (-0.3478260869645453 1168 1080) (-96 1168 1080) (-96 1168 404) 
4 230 232 (-96 1232 1080) (-96 1232 403.9999999999999) (-96 1168 403.99999999999994) (-96 1168 1080) 
4 231 235 (-0.3478260869645453 1168 427.9999999999927) (-0.3478260869645453 1168 430.78260869564986) (-96 1168 404) (-96 1168 340) 
4 232 235 (-96 1168 404) (-96 1168 1080) (-160 1168 1080) (-160 1168 404) 
4 232 234 (-160 1232 1080) (-160 1232 404) (-160 1168 404) (-160 1168 1080) 
4 233 235 (-160 1168 192) (-96 1168 192) (-96 1168 240) (-160 1168 240) 
4 233 234 (-160 1232 240) (-160 1232 192) (-160 1168 192) (-160 1168 240) 
4 234 235 (-247.19550428867205 1168 1080) (-247.19550428867205 1168 192) (-160 1168 192) (-160 1168 1080) 
4 236 250 (-480 913.6260504013444 192) (-480 1600 192) (-400 1600 192) (-400 850.4447525444839 192) 
4 236 249 (-480 1600 192) (-480 1664 192) (-400 1664 192) (-400 1600 192) 
4 236 248 (-480 1664 192) (-480 1866.909090909095 192) (-400 1866.909090909095 192) (-400 1664 192) 
4 236 243 (-480 1866.909090909095 192) (-480 1437.3818181818212 192) (-480 1437.3818181818297 354.9470334769633) (-480 1866.909090909095 354.94703347696304) 
4 236 242 (-480 913.6260504013444 354.9470334769636) (-480 913.6260504013444 448) (-480 1866.909090909095 448) (-480 1866.909090909095 354.94703347696304) 
4 236 241 (-480 913.6260504013444 523.0000000000001) (-480 913.6260504013444 1080) (-480 1866.909090909095 1080) (-480 1866.909090909095 523.0000000000001) 
4 236 237 (-480 913.6260504013453 1080) (-480 913.6260504013453 192) (-308 777.7862600090951 192) (-308 777.7862600090951 1080) 
4 237 250 (-480 827.3598333119571 192) (-480 913.6260504013444 192) (-400 850.4447525444839 192) (-400 764.2770063330898 192) 
4 237 242 (-480 827.3598333119563 354.94703347696367) (-480 827.3598333119564 448) (-480 913.6260504013444 448) (-480 913.6260504013444 354.9470334769636) 
4 237 241 (-480 827.3598333119565 523.0000000000001) (-480 827.3598333119571 1080) (-480 913.6260504013444 1080) (-480 913.6260504013444 523.0000000000001) 
4 237 240 (-480 827.3598333119562 1080) (-480 827.3598333119562 192) (-384 751.6604409373156 192) (-384 751.6604409373156 1080) 
4 237 239 (-384 751.6604409373156 192) (-308 691.7317553073917 192) (-308 691.7317553073917 1080) (-384 751.6604409373156 1080) 
4 238 239 (197.5459500570945 293.09090909090764 192) (276 231.22711836166133 192) (276 231.22711836166133 1080) (197.54595005709461 293.09090909090764 1080) 
4 239 240 (-384 751.6604409373144 1080) (-384 751.6604409373144 192) (-384 215.0000000000001 192) (-384 215.00000000000003 1080) 
4 240 250 (-480 233.1894736842114 192) (-480 827.3598333119571 192) (-400 764.2770063330898 192) (-400 218.03157894736856 192) 
4 240 244 (-480 652.9811320754704 192) (-480 272 192) (-480 272 354.94703347696395) (-480 652.9811320754707 354.9470334769638) 
4 240 242 (-480 272 354.94703347696395) (-480 272 448) (-480 827.3598333119564 448) (-480 827.3598333119563 354.94703347696367) 
4 240 241 (-480 272 523.0000000000001) (-480 272 1080) (-480 827.3598333119571 1080) (-480 827.3598333119565 523.0000000000001) 
4 242 244 (-480 652.9811320754708 354.9470334769638) (-480 271.9999999999991 354.947033476964) (-1408.654785562198 975.1243376399486 329.0391302244018) (-1159.1461716937458 1099.322505800471 336.00000000000006) 
5 242 243 (-1437.8871759814851 997.2574332431232 328.2235958034323) (-1437.8871759814851 1235.794874298941 328.2235958034322) (-480 1920.0000000000014 354.94703347696304) (-480 1437.3818181818297 354.9470334769633) (-1408.654785562198 975.1243376399486 329.0391302244018) 
6 243 256 (-480 1600 192) (-480 1437.3818181818212 192) (-1408.654785562192 975.1243376399445 192) (-1516.6942148760334 1056.92561983471 192) (-1516.6942148760334 1179.5041322314048 192) (-928.0000000000007 1600 192) 
4 243 254 (-480 1664 192) (-480 1600 192) (-928.0000000000007 1600 192) (-838.4000000000008 1664 192) 
3 243 253 (-480 1920.000000000001 192) (-480 1664 192) (-838.4000000000008 1664 192) 
4 243 244 (-1159.1461716937463 1099.3225058004712 335.9999999999999) (-1408.6547855621975 975.1243376399493 329.0391302244016) (-1408.6547855621918 975.1243376399451 192) (-1159.1461716937401 1099.3225058004668 192) 
4 244 257 (-480 652.9811320754703 192) (-480 271.9999999999991 192) (-1408.654785562192 975.1243376399445 192) (-1159.14617169374 1099.3225058004666 192) 
4 245 246 (-384 1968 56) (820 2168.6666666666665 56) (820 2168.6666666666665 176) (-384 1968 176) 
4 246 247 (-384 1968 176) (-384 1968 56) (-384 215 56) (-384 215.00000000000003 176) 
4 247 252 (-400 1965.333333333333 13.333333333333105) (-400 218.03157894736842 13.33333333333303) (-400 218.03157894736842 75.81818181818181) (-400 1965.333333333333 75.81818181818181) 
4 247 251 (-400 218.03157894736842 75.81818181818181) (-400 218.03157894736842 80) (-400 1965.333333333333 80) (-400 1965.333333333333 75.81818181818181) 
4 247 250 (-400 218.03157894736842 80) (-400 218.03157894736842 176) (-400 1600 176) (-400 1600 80) 
4 247 248 (-400 1664 176) (-400 1965.3333333333333 176) (-400 1965.333333333333 80) (-400 1664 80) 
4 248 253 (-480 1664 192) (-480 1920 192) (-480 1920 75.67567567567569) (-480 1664 75.67567567567586) 
4 248 251 (-480 1664 75.67567567567569) (-480 1952.000000000001 75.6756756756757) (-400 1965.3333333333344 80.00000000000003) (-400 1664 80.00000000000001) 
3 248 249 (-480 1664 192) (-480 1664 127.13513513513516) (-400 1664 192) 
4 249 254 (-480 1600 192) (-480 1664 192) (-480 1664 127.13513513513514) (-480 1600 127.13513513513517) 
3 249 250 (-480 1600 192) (-480 1600 127.13513513513514) (-400 1600 192) 
4 250 257 (-480 272 192) (-480 652.9811320754704 192) (-480 652.9811320754702 75.67567567567649) (-480 272 75.67567567567673) 
4 250 256 (-480 1437.3818181818212 192) (-480 1600 192) (-480 1600 75.6756756756759) (-480 1437.381818181815 75.675675675676) 
4 250 251 (-400 218.03157894736864 79.99999999999994) (-480 233.18947368421075 75.67567567567562) (-480 1600 75.67567567567569) (-400 1600 80.00000000000001) 
4 251 257 (-480 272 75.67567567567673) (-480 652.9811320754702 75.67567567567649) (-480 652.9811320754702 75.01010101010078) (-480 272 75.01010101010071) 
4 251 256 (-480 1437.3818181818153 75.67567567567599) (-480 1600 75.67567567567589) (-480 1600 75.01010101010097) (-480 1437.381818181815 75.01010101010094) 
4 251 255 (-480 1600 75.67567567567589) (-480 1664 75.67567567567585) (-480 1664 75.01010101010098) (-480 1600 75.01010101010097) 
4 251 253 (-480 1664 75.67567567567585) (-480 1920.0000000000002 75.67567567567569) (-480 1920 75.01010101010102) (-480 1664 75.01010101010098) 
4 251 252 (-400 218.03157894736864 75.81818181818181) (-474.08383233532936 232.06851560037828 75.06986027944112) (-474.08383233532936 1952.9860279441114 75.06986027944113) (-400 1965.3333333333328 75.81818181818183) 
3 253 255 (-506.5151515151513 1664 74.24242424242425) (-480 1664 75) (-480 1664 75.67567567567568) 
5 253 254 (-838.4000000000001 1664 192) (-838.4000000000001 1664 64.75999999999998) (-546.6485686080948 1664 73.09575518262587) (-480 1664 127.13513513513513) (-480 1664 192) 
5 254 256 (-928.0000000000009 1600 192) (-928.0000000000009 1600 62.19999999999999) (-546.6485686080946 1600 73.09575518262591) (-480 1600 127.13513513513499) (-480 1600 192) 
3 255 256 (-480 1600 75) (-480 1600 75.67567567567676) (-506.51515151517725 1600 74.24242424242351) 
4 256 257 (-1408.6547855621918 975.1243376399455 192) (-1408.654785562186 975.124337639941 48.46700612679467) (-1159.1461716937347 1099.322505800463 55.595823665893285) (-1159.1461716937406 1099.3225058004668 192) 
0 -1
1 -1
2 -1
3 -1
4 -1
5 -1
6 -1
7 -1
8 -1
9 -1
10 -1
11 -1
12 -1
13 -1
14 -1
15 -1
16 -1
17 -1
18 -1
19 -1
20 -1
21 -1
22 -1
23 -1
24 -1
25 -1
26 -1
27 -1
28 -1
29 -1
30 -1
31 -1
32 -1
33 -1
34 -1
35 -1
36 -1
37 -1
38 -1
39 -1
40 -1
41 -1
42 -1
43 -1
44 -1
45 -1
46 -1
47 -1
48 -1
49 -1
50 -1
51 -1
52 -1
53 -1
54 -1
55 -1
56 -1
57 -1
58 -1
59 -1
60 -1
61 -1
62 -1
63 -1
64 -1
65 -1
66 -1
67 -1
68 -1
69 -1
70 -1
71 -1
72 -1
73 -1
74 -1
75 -1
76 -1
77 -1
78 -1
79 -1
80 -1
81 -1
82 -1
83 -1
84 -1
85 -1
86 -1
87 -1
88 -1
89 -1
90 -1
91 -1
92 -1
93 -1
94 -1
95 -1
96 -1
97 -1
98 -1
99 -1
100 -1
101 -1
102 -1
103 -1
104 -1
105 -1
106 -1
107 -1
108 -1
109 -1
110 -1
111 -1
112 -1
113 -1
114 -1
115 -1
116 -1
117 118 119 120 121 122 123 124 125 -1
126 127 128 129 130 131 132 133 134 135 136 137 138 139 140 141 142 143 144 145 146 147 148 149 150 151 152 -1
153 154 155 156 157 158 159 160 161 162 163 164 165 166 167 168 169 170 171 172 173 174 175 176 177 178 179 180 -1
181 182 183 184 185 186 187 188 189 190 191 192 193 194 195 196 197 198 199 200 201 202 203 204 205 206 207 208 209 210 211 212 213 214 215 216 217 218 219 220 221 222 223 224 225 226 227 228 229 230 231 232 233 234 235 236 237 238 239 240 241 242 243 244 245 246 247 248 249 250 251 252 253 254 255 256 257 258 259 260 261 262 263 264 265 266 267 268 269 270 271 272 273 274 275 276 277 278 279 280 281 282 283 284 285 286 287 288 289 290 291 292 293 294 295 296 297 298 299 300 301 302 303 304 305 306 307 308 309 310 311 312 313 314 315 316 317 318 319 320 321 322 323 324 325 326 327 328 329 330 331 332 333 334 335 336 337 338 339 340 341 342 343 344 345 346 347 348 349 350 351 352 353 354 355 356 357 358 359 360 361 362 363 364 365 366 367 368 369 370 371 372 373 374 375 376 377 378 379 380 381 382 383 384 385 386 387 388 389 390 391 392 393 394 395 396 397 398 399 400 401 402 403 404 405 406 407 408 409 410 411 412 413 414 415 416 417 418 419 420 421 422 423 424 425 426 427 428 429 430 431 432 433 434 435 436 437 -1
438 439 440 441 442 443 444 445 446 447 448 449 450 451 452 453 454 455 456 457 458 459 460 461 462 463 464 465 466 467 468 469 470 471 472 473 474 -1
475 476 477 478 479 480 481 482 483 484 485 486 487 488 489 490 491 492 493 494 495 496 497 -1
498 -1
499 -1
500 -1
501 502 503 504 505 506 507 508 509 510 511 512 513 514 -1
515 516 517 518 519 520 521 522 523 524 525 526 527 528 529 530 531 532 533 534 535 536 537 538 539 540 541 542 543 544 545 546 547 548 549 550 551 552 553 554 555 556 557 558 559 560 561 562 563 564 565 566 567 568 569 570 571 572 573 574 575 576 577 578 579 580 581 582 583 584 585 586 587 588 589 590 591 592 593 594 595 596 597 598 599 600 601 602 603 604 605 606 607 608 609 610 611 612 613 614 615 -1
616 617 618 619 620 621 622 623 624 625 626 627 628 629 630 631 632 633 634 635 636 637 638 639 640 641 642 643 644 645 646 647 648 649 650 651 652 653 654 655 656 657 658 659 660 661 662 663 664 665 666 667 668 669 670 671 672 673 674 675 676 677 678 679 680 681 682 683 684 685 686 687 688 689 690 691 692 693 694 695 696 697 698 699 700 701 702 703 704 705 706 707 708 709 710 711 712 713 714 715 716 717 718 719 720 721 722 723 724 725 726 -1
727 728 729 730 731 732 733 734 735 736 737 738 739 740 741 742 743 744 745 746 747 -1
748 749 750 751 752 753 754 755 756 757 758 759 760 761 762 763 764 765 766 767 768 769 770 771 772 773 774 775 776 777 778 779 780 781 782 783 784 785 786 787 788 789 790 791 792 793 794 795 796 797 798 799 800 801 802 803 804 805 806 807 808 809 810 811 812 813 814 815 816 817 818 819 820 821 822 823 824 825 826 827 828 829 830 831 832 833 834 835 836 837 838 839 840 841 842 843 844 845 846 847 848 849 850 851 852 853 854 855 856 857 858 859 860 861 862 863 864 865 866 867 868 869 870 871 872 873 874 875 876 877 878 879 880 881 882 883 884 885 886 887 888 889 890 891 892 893 894 895 896 897 898 899 900 901 902 903 904 905 906 907 908 909 910 911 912 913 914 915 916 917 918 919 920 921 922 923 924 925 926 927 928 929 930 931 932 933 934 935 936 937 938 939 940 941 942 943 944 945 946 947 948 949 950 951 952 953 954 955 956 957 958 959 960 961 962 963 964 965 966 967 968 969 970 971 972 973 974 975 976 977 978 979 980 981 982 983 984 985 986 987 988 989 990 991 992 993 994 995 996 997 998 999 1000 1001 1002 1003 1004 1005 1006 1007 1008 1009 1010 1011 1012 1013 1014 1015 -1
1016 -1
1017 -1
1018 -1
1019 -1
1020 -1
1021 -1
1022 -1
1023 -1
1024 -1
1025 -1
1026 -1
1027 -1
1028 -1
1029 -1
1030 -1
1031 -1
1032 -1
1033 -1
1034 -1
1035 -1
1036 -1
1037 -1
1038 -1
1039 -1
1040 -1
1041 -1
1042 -1
1043 -1
1044 -1
1045 -1
1046 -1
1047 -1
1048 -1
1049 -1
1050 -1
1051 -1
1052 -1
1053 -1
1054 -1
1055 -1
1056 -1
1057 -1
1058 -1
1059 -1
1060 -1
1061 -1
1062 -1
1063 -1
1064 -1
1065 -1
1066 -1
1067 -1
1068 -1
1069 -1
1070 -1
1071 -1
1072 -1
1073 -1
1074 -1
1075 -1
1076 -1
1077 -1
1078 -1
1079 -1
1080 -1
1081 -1
1082 -1
1083 -1
1084 -1
1085 -1
1086 -1
1087 -1
1088 -1
1089 -1
1090 -1
1091 -1
1092 -1
1093 -1
1094 -1
1095 -1
1096 -1
1097 -1
1098 -1
1099 -1
1100 -1
1101 -1
1102 -1
1103 -1
1104 -1
1105 -1
1106 -1
1107 -1
1108 -1
1109 -1
1110 -1
1111 -1
1112 -1
1113 -1
1114 -1
1115 -1
1116 -1
1117 -1
1118 -1
1119 -1
1120 -1
1121 -1
1122 -1
1123 -1
1124 -1
1125 -1
1126 -1
1127 -1
1128 -1
1129 -1
1130 -1
1131 -1
1132 -1
1133 -1
1134 -1
1135 -1
1136 -1
1137 -1
1138 -1
1139 -1
1140 -1
1141 -1
1142 -1
